2025-11-21 23:44:11,041 - INFO - Device: cpu
2025-11-21 23:44:11,041 - INFO - === Stage 1: Pretraining experts for 100 epochs (hard routing by 'no') ===
2025-11-21 23:44:12,388 - INFO - [Pretrain] Epoch 1/100  TrainLoss=0.356417
2025-11-21 23:44:13,574 - INFO - [Pretrain] Epoch 2/100  TrainLoss=0.020152
2025-11-21 23:44:14,822 - INFO - [Pretrain] Epoch 3/100  TrainLoss=0.017471
2025-11-21 23:44:16,069 - INFO - [Pretrain] Epoch 4/100  TrainLoss=0.016265
2025-11-21 23:44:17,289 - INFO - [Pretrain] Epoch 5/100  TrainLoss=0.015649
2025-11-21 23:44:18,678 - INFO - [Pretrain] Epoch 6/100  TrainLoss=0.015264
2025-11-21 23:44:19,910 - INFO - [Pretrain] Epoch 7/100  TrainLoss=0.014567
2025-11-21 23:44:21,107 - INFO - [Pretrain] Epoch 8/100  TrainLoss=0.014166
2025-11-21 23:44:22,268 - INFO - [Pretrain] Epoch 9/100  TrainLoss=0.013641
2025-11-21 23:44:23,443 - INFO - [Pretrain] Epoch 10/100  TrainLoss=0.013689
2025-11-21 23:44:24,627 - INFO - [Pretrain] Epoch 11/100  TrainLoss=0.013043
2025-11-21 23:44:25,797 - INFO - [Pretrain] Epoch 12/100  TrainLoss=0.013003
2025-11-21 23:44:26,958 - INFO - [Pretrain] Epoch 13/100  TrainLoss=0.012755
2025-11-21 23:44:28,123 - INFO - [Pretrain] Epoch 14/100  TrainLoss=0.012575
2025-11-21 23:44:29,259 - INFO - [Pretrain] Epoch 15/100  TrainLoss=0.012607
2025-11-21 23:44:30,406 - INFO - [Pretrain] Epoch 16/100  TrainLoss=0.012067
2025-11-21 23:44:31,540 - INFO - [Pretrain] Epoch 17/100  TrainLoss=0.012059
2025-11-21 23:44:32,688 - INFO - [Pretrain] Epoch 18/100  TrainLoss=0.011860
2025-11-21 23:44:33,833 - INFO - [Pretrain] Epoch 19/100  TrainLoss=0.011930
2025-11-21 23:44:34,969 - INFO - [Pretrain] Epoch 20/100  TrainLoss=0.011735
2025-11-21 23:44:36,119 - INFO - [Pretrain] Epoch 21/100  TrainLoss=0.011542
2025-11-21 23:44:37,252 - INFO - [Pretrain] Epoch 22/100  TrainLoss=0.011497
2025-11-21 23:44:38,392 - INFO - [Pretrain] Epoch 23/100  TrainLoss=0.011351
2025-11-21 23:44:39,538 - INFO - [Pretrain] Epoch 24/100  TrainLoss=0.011379
2025-11-21 23:44:40,682 - INFO - [Pretrain] Epoch 25/100  TrainLoss=0.011099
2025-11-21 23:44:41,810 - INFO - [Pretrain] Epoch 26/100  TrainLoss=0.011219
2025-11-21 23:44:42,953 - INFO - [Pretrain] Epoch 27/100  TrainLoss=0.010904
2025-11-21 23:44:44,167 - INFO - [Pretrain] Epoch 28/100  TrainLoss=0.010988
2025-11-21 23:44:45,360 - INFO - [Pretrain] Epoch 29/100  TrainLoss=0.010868
2025-11-21 23:44:46,557 - INFO - [Pretrain] Epoch 30/100  TrainLoss=0.010914
2025-11-21 23:44:47,745 - INFO - [Pretrain] Epoch 31/100  TrainLoss=0.010809
2025-11-21 23:44:48,934 - INFO - [Pretrain] Epoch 32/100  TrainLoss=0.010694
2025-11-21 23:44:50,081 - INFO - [Pretrain] Epoch 33/100  TrainLoss=0.010628
2025-11-21 23:44:51,229 - INFO - [Pretrain] Epoch 34/100  TrainLoss=0.010589
2025-11-21 23:44:52,364 - INFO - [Pretrain] Epoch 35/100  TrainLoss=0.010439
2025-11-21 23:44:53,517 - INFO - [Pretrain] Epoch 36/100  TrainLoss=0.010491
2025-11-21 23:44:54,658 - INFO - [Pretrain] Epoch 37/100  TrainLoss=0.010468
2025-11-21 23:44:55,801 - INFO - [Pretrain] Epoch 38/100  TrainLoss=0.010219
2025-11-21 23:44:56,941 - INFO - [Pretrain] Epoch 39/100  TrainLoss=0.010437
2025-11-21 23:44:58,089 - INFO - [Pretrain] Epoch 40/100  TrainLoss=0.010102
2025-11-21 23:44:59,217 - INFO - [Pretrain] Epoch 41/100  TrainLoss=0.010087
2025-11-21 23:45:00,349 - INFO - [Pretrain] Epoch 42/100  TrainLoss=0.010095
2025-11-21 23:45:01,485 - INFO - [Pretrain] Epoch 43/100  TrainLoss=0.010113
2025-11-21 23:45:02,637 - INFO - [Pretrain] Epoch 44/100  TrainLoss=0.009996
2025-11-21 23:45:03,786 - INFO - [Pretrain] Epoch 45/100  TrainLoss=0.009822
2025-11-21 23:45:04,916 - INFO - [Pretrain] Epoch 46/100  TrainLoss=0.009754
2025-11-21 23:45:06,062 - INFO - [Pretrain] Epoch 47/100  TrainLoss=0.009865
2025-11-21 23:45:07,209 - INFO - [Pretrain] Epoch 48/100  TrainLoss=0.009855
2025-11-21 23:45:08,356 - INFO - [Pretrain] Epoch 49/100  TrainLoss=0.009820
2025-11-21 23:45:09,490 - INFO - [Pretrain] Epoch 50/100  TrainLoss=0.009926
2025-11-21 23:45:10,639 - INFO - [Pretrain] Epoch 51/100  TrainLoss=0.009744
2025-11-21 23:45:11,773 - INFO - [Pretrain] Epoch 52/100  TrainLoss=0.009683
2025-11-21 23:45:12,921 - INFO - [Pretrain] Epoch 53/100  TrainLoss=0.009698
2025-11-21 23:45:14,068 - INFO - [Pretrain] Epoch 54/100  TrainLoss=0.009427
2025-11-21 23:45:15,261 - INFO - [Pretrain] Epoch 55/100  TrainLoss=0.009439
2025-11-21 23:45:16,446 - INFO - [Pretrain] Epoch 56/100  TrainLoss=0.009544
2025-11-21 23:45:17,636 - INFO - [Pretrain] Epoch 57/100  TrainLoss=0.009506
2025-11-21 23:45:18,818 - INFO - [Pretrain] Epoch 58/100  TrainLoss=0.009420
2025-11-21 23:45:19,966 - INFO - [Pretrain] Epoch 59/100  TrainLoss=0.009371
2025-11-21 23:45:21,115 - INFO - [Pretrain] Epoch 60/100  TrainLoss=0.009415
2025-11-21 23:45:22,249 - INFO - [Pretrain] Epoch 61/100  TrainLoss=0.009251
2025-11-21 23:45:23,393 - INFO - [Pretrain] Epoch 62/100  TrainLoss=0.009228
2025-11-21 23:45:24,542 - INFO - [Pretrain] Epoch 63/100  TrainLoss=0.009156
2025-11-21 23:45:25,687 - INFO - [Pretrain] Epoch 64/100  TrainLoss=0.009260
2025-11-21 23:45:26,825 - INFO - [Pretrain] Epoch 65/100  TrainLoss=0.009144
2025-11-21 23:45:27,983 - INFO - [Pretrain] Epoch 66/100  TrainLoss=0.009111
2025-11-21 23:45:29,130 - INFO - [Pretrain] Epoch 67/100  TrainLoss=0.009167
2025-11-21 23:45:30,281 - INFO - [Pretrain] Epoch 68/100  TrainLoss=0.008927
2025-11-21 23:45:31,428 - INFO - [Pretrain] Epoch 69/100  TrainLoss=0.008954
2025-11-21 23:45:32,563 - INFO - [Pretrain] Epoch 70/100  TrainLoss=0.009056
2025-11-21 23:45:33,696 - INFO - [Pretrain] Epoch 71/100  TrainLoss=0.008869
2025-11-21 23:45:34,828 - INFO - [Pretrain] Epoch 72/100  TrainLoss=0.008830
2025-11-21 23:45:35,979 - INFO - [Pretrain] Epoch 73/100  TrainLoss=0.008943
2025-11-21 23:45:37,111 - INFO - [Pretrain] Epoch 74/100  TrainLoss=0.008908
2025-11-21 23:45:38,252 - INFO - [Pretrain] Epoch 75/100  TrainLoss=0.008678
2025-11-21 23:45:39,385 - INFO - [Pretrain] Epoch 76/100  TrainLoss=0.008668
2025-11-21 23:45:40,530 - INFO - [Pretrain] Epoch 77/100  TrainLoss=0.008821
2025-11-21 23:45:41,672 - INFO - [Pretrain] Epoch 78/100  TrainLoss=0.008647
2025-11-21 23:45:42,807 - INFO - [Pretrain] Epoch 79/100  TrainLoss=0.008624
2025-11-21 23:45:43,956 - INFO - [Pretrain] Epoch 80/100  TrainLoss=0.008694
2025-11-21 23:45:45,131 - INFO - [Pretrain] Epoch 81/100  TrainLoss=0.008616
2025-11-21 23:45:46,317 - INFO - [Pretrain] Epoch 82/100  TrainLoss=0.008608
2025-11-21 23:45:47,499 - INFO - [Pretrain] Epoch 83/100  TrainLoss=0.008507
2025-11-21 23:45:48,680 - INFO - [Pretrain] Epoch 84/100  TrainLoss=0.008406
2025-11-21 23:45:49,846 - INFO - [Pretrain] Epoch 85/100  TrainLoss=0.008575
2025-11-21 23:45:50,995 - INFO - [Pretrain] Epoch 86/100  TrainLoss=0.008436
2025-11-21 23:45:52,133 - INFO - [Pretrain] Epoch 87/100  TrainLoss=0.008437
2025-11-21 23:45:53,282 - INFO - [Pretrain] Epoch 88/100  TrainLoss=0.008455
2025-11-21 23:45:54,419 - INFO - [Pretrain] Epoch 89/100  TrainLoss=0.008414
2025-11-21 23:45:55,551 - INFO - [Pretrain] Epoch 90/100  TrainLoss=0.008557
2025-11-21 23:45:56,725 - INFO - [Pretrain] Epoch 91/100  TrainLoss=0.008489
2025-11-21 23:45:57,987 - INFO - [Pretrain] Epoch 92/100  TrainLoss=0.008341
2025-11-21 23:45:59,204 - INFO - [Pretrain] Epoch 93/100  TrainLoss=0.008228
2025-11-21 23:46:00,368 - INFO - [Pretrain] Epoch 94/100  TrainLoss=0.008354
2025-11-21 23:46:01,633 - INFO - [Pretrain] Epoch 95/100  TrainLoss=0.008305
2025-11-21 23:46:02,872 - INFO - [Pretrain] Epoch 96/100  TrainLoss=0.008237
2025-11-21 23:46:04,098 - INFO - [Pretrain] Epoch 97/100  TrainLoss=0.008437
2025-11-21 23:46:05,249 - INFO - [Pretrain] Epoch 98/100  TrainLoss=0.008239
2025-11-21 23:46:06,388 - INFO - [Pretrain] Epoch 99/100  TrainLoss=0.008161
2025-11-21 23:46:07,537 - INFO - [Pretrain] Epoch 100/100  TrainLoss=0.008111
2025-11-21 23:46:07,537 - INFO - === Stage 2: Training gate + MoE for up to 200 epochs with early stopping ===
2025-11-21 23:46:08,252 - INFO - [Epoch 1/200] TrainLoss=0.061403 ValLoss=0.029221 MSE=0.022746 NonNeg=0.000000 Smooth=0.153538 CalibBias=0.000000 CalibSlope=0.000000 TrainMAE=0.132777 ValMAE=0.096062 TrainR2=0.8559 ValR2=0.9196 GateW=[0.2422209084033966, 0.2045038342475891, 0.2667851746082306, 0.286490261554718]
2025-11-21 23:46:08,992 - INFO - [Epoch 2/200] TrainLoss=0.020754 ValLoss=0.011845 MSE=0.009038 NonNeg=0.000037 Smooth=0.222479 CalibBias=0.000000 CalibSlope=0.000000 TrainMAE=0.075379 ValMAE=0.053454 TrainR2=0.9428 ValR2=0.9685 GateW=[0.16709202527999878, 0.12596867978572845, 0.3560827374458313, 0.3508565425872803]
2025-11-21 23:46:09,714 - INFO - [Epoch 3/200] TrainLoss=0.012941 ValLoss=0.008651 MSE=0.004553 NonNeg=0.000321 Smooth=0.263371 CalibBias=0.000000 CalibSlope=0.000000 TrainMAE=0.052433 ValMAE=0.039291 TrainR2=0.9712 ValR2=0.9819 GateW=[0.11781439185142517, 0.10070118308067322, 0.45704081654548645, 0.32444366812705994]
2025-11-21 23:46:10,434 - INFO - [Epoch 4/200] TrainLoss=0.011395 ValLoss=0.007865 MSE=0.003357 NonNeg=0.000624 Smooth=0.274206 CalibBias=0.000000 CalibSlope=0.000000 TrainMAE=0.044884 ValMAE=0.032815 TrainR2=0.9787 ValR2=0.9865 GateW=[0.10179387032985687, 0.08711407333612442, 0.4972638189792633, 0.3138282895088196]
2025-11-21 23:46:11,167 - INFO - [Epoch 5/200] TrainLoss=0.010657 ValLoss=0.007550 MSE=0.002754 NonNeg=0.000832 Smooth=0.282816 CalibBias=0.000000 CalibSlope=0.000000 TrainMAE=0.040286 ValMAE=0.029722 TrainR2=0.9826 ValR2=0.9888 GateW=[0.09761206805706024, 0.07330161333084106, 0.5122382640838623, 0.3168482482433319]
2025-11-21 23:46:12,000 - INFO - [Epoch 6/200] TrainLoss=0.010049 ValLoss=0.007330 MSE=0.002400 NonNeg=0.000912 Smooth=0.283508 CalibBias=0.000000 CalibSlope=0.000000 TrainMAE=0.037143 ValMAE=0.026974 TrainR2=0.9848 ValR2=0.9907 GateW=[0.09835290163755417, 0.06220247223973274, 0.5133960247039795, 0.32604849338531494]
2025-11-21 23:46:12,747 - INFO - [Epoch 7/200] TrainLoss=0.009695 ValLoss=0.007161 MSE=0.002100 NonNeg=0.000941 Smooth=0.284954 CalibBias=0.000000 CalibSlope=0.000000 TrainMAE=0.034512 ValMAE=0.024704 TrainR2=0.9867 ValR2=0.9921 GateW=[0.10282458364963531, 0.052215155214071274, 0.5130972266197205, 0.3318629860877991]
2025-11-21 23:46:13,488 - INFO - [Epoch 8/200] TrainLoss=0.009409 ValLoss=0.007086 MSE=0.001920 NonNeg=0.000920 Smooth=0.289190 CalibBias=0.000000 CalibSlope=0.000000 TrainMAE=0.032477 ValMAE=0.024060 TrainR2=0.9879 ValR2=0.9928 GateW=[0.11150898784399033, 0.04440590366721153, 0.5080643892288208, 0.33602067828178406]
2025-11-21 23:46:14,266 - INFO - [Epoch 9/200] TrainLoss=0.009034 ValLoss=0.006953 MSE=0.001723 NonNeg=0.000820 Smooth=0.288833 CalibBias=0.000000 CalibSlope=0.000000 TrainMAE=0.030463 ValMAE=0.022476 TrainR2=0.9891 ValR2=0.9937 GateW=[0.1262499988079071, 0.037910375744104385, 0.49495476484298706, 0.3408849239349365]
2025-11-21 23:46:15,021 - INFO - [Epoch 10/200] TrainLoss=0.008812 ValLoss=0.006877 MSE=0.001563 NonNeg=0.000656 Smooth=0.288083 CalibBias=0.000000 CalibSlope=0.000000 TrainMAE=0.028903 ValMAE=0.021849 TrainR2=0.9901 ValR2=0.9942 GateW=[0.14295978844165802, 0.03200605511665344, 0.4834187626838684, 0.3416155278682709]
2025-11-21 23:46:15,757 - INFO - [Epoch 11/200] TrainLoss=0.008643 ValLoss=0.006813 MSE=0.001403 NonNeg=0.000480 Smooth=0.294554 CalibBias=0.000000 CalibSlope=0.000000 TrainMAE=0.027365 ValMAE=0.021138 TrainR2=0.9911 ValR2=0.9947 GateW=[0.1619025319814682, 0.02711089327931404, 0.47110360860824585, 0.33988308906555176]
2025-11-21 23:46:16,504 - INFO - [Epoch 12/200] TrainLoss=0.008599 ValLoss=0.006754 MSE=0.001374 NonNeg=0.000440 Smooth=0.291280 CalibBias=0.000000 CalibSlope=0.000000 TrainMAE=0.026571 ValMAE=0.020357 TrainR2=0.9913 ValR2=0.9952 GateW=[0.17451265454292297, 0.023366374894976616, 0.46684566140174866, 0.33527523279190063]
2025-11-21 23:46:17,248 - INFO - [Epoch 13/200] TrainLoss=0.008425 ValLoss=0.006714 MSE=0.001241 NonNeg=0.000385 Smooth=0.294313 CalibBias=0.000000 CalibSlope=0.000000 TrainMAE=0.025335 ValMAE=0.019638 TrainR2=0.9921 ValR2=0.9956 GateW=[0.18379545211791992, 0.020271236076951027, 0.46897339820861816, 0.3269599378108978]
2025-11-21 23:46:18,010 - INFO - [Epoch 14/200] TrainLoss=0.008172 ValLoss=0.006674 MSE=0.001154 NonNeg=0.000325 Smooth=0.294543 CalibBias=0.000000 CalibSlope=0.000000 TrainMAE=0.024560 ValMAE=0.018957 TrainR2=0.9927 ValR2=0.9960 GateW=[0.1958947330713272, 0.01794123649597168, 0.4658493995666504, 0.32031452655792236]
2025-11-21 23:46:18,832 - INFO - [Epoch 15/200] TrainLoss=0.008217 ValLoss=0.006662 MSE=0.001152 NonNeg=0.000329 Smooth=0.293870 CalibBias=0.000000 CalibSlope=0.000000 TrainMAE=0.024119 ValMAE=0.018754 TrainR2=0.9927 ValR2=0.9961 GateW=[0.2000468522310257, 0.016171874478459358, 0.4709818363189697, 0.31279951333999634]
2025-11-21 23:46:19,583 - INFO - [Epoch 16/200] TrainLoss=0.008035 ValLoss=0.006648 MSE=0.001080 NonNeg=0.000319 Smooth=0.292330 CalibBias=0.000000 CalibSlope=0.000000 TrainMAE=0.023578 ValMAE=0.018246 TrainR2=0.9932 ValR2=0.9964 GateW=[0.20602428913116455, 0.014845114201307297, 0.4678734242916107, 0.31125688552856445]
2025-11-21 23:46:20,331 - INFO - [Epoch 17/200] TrainLoss=0.008200 ValLoss=0.006682 MSE=0.001098 NonNeg=0.000286 Smooth=0.295082 CalibBias=0.000000 CalibSlope=0.000000 TrainMAE=0.023187 ValMAE=0.018510 TrainR2=0.9931 ValR2=0.9961 GateW=[0.21082718670368195, 0.013919453136622906, 0.46788254380226135, 0.3073708117008209]
2025-11-21 23:46:21,063 - INFO - [Epoch 18/200] TrainLoss=0.008125 ValLoss=0.006657 MSE=0.001074 NonNeg=0.000288 Smooth=0.294449 CalibBias=0.000000 CalibSlope=0.000000 TrainMAE=0.022959 ValMAE=0.017945 TrainR2=0.9932 ValR2=0.9964 GateW=[0.21525892615318298, 0.013106773607432842, 0.46671825647354126, 0.30491623282432556]
2025-11-21 23:46:21,779 - INFO - [Epoch 19/200] TrainLoss=0.008186 ValLoss=0.006598 MSE=0.001106 NonNeg=0.000273 Smooth=0.297798 CalibBias=0.000000 CalibSlope=0.000000 TrainMAE=0.022705 ValMAE=0.017192 TrainR2=0.9930 ValR2=0.9967 GateW=[0.22176408767700195, 0.012418118305504322, 0.46795210242271423, 0.297865629196167]
2025-11-21 23:46:22,500 - INFO - [Epoch 20/200] TrainLoss=0.007950 ValLoss=0.006591 MSE=0.001002 NonNeg=0.000269 Smooth=0.293867 CalibBias=0.000000 CalibSlope=0.000000 TrainMAE=0.022210 ValMAE=0.017089 TrainR2=0.9937 ValR2=0.9969 GateW=[0.21884870529174805, 0.012201574631035328, 0.4689304530620575, 0.30001917481422424]
2025-11-21 23:46:23,222 - INFO - [Epoch 21/200] TrainLoss=0.007857 ValLoss=0.006590 MSE=0.000937 NonNeg=0.000241 Smooth=0.295665 CalibBias=0.000000 CalibSlope=0.000000 TrainMAE=0.021878 ValMAE=0.016574 TrainR2=0.9941 ValR2=0.9970 GateW=[0.21870188415050507, 0.012176617048680782, 0.467542439699173, 0.3015788495540619]
2025-11-21 23:46:23,937 - INFO - [Epoch 22/200] TrainLoss=0.007950 ValLoss=0.006584 MSE=0.001006 NonNeg=0.000255 Smooth=0.294365 CalibBias=0.000000 CalibSlope=0.000000 TrainMAE=0.021847 ValMAE=0.016474 TrainR2=0.9936 ValR2=0.9970 GateW=[0.22483664751052856, 0.011606879532337189, 0.46852126717567444, 0.29503512382507324]
2025-11-21 23:46:24,660 - INFO - [Epoch 23/200] TrainLoss=0.007956 ValLoss=0.006558 MSE=0.000979 NonNeg=0.000219 Smooth=0.297528 CalibBias=0.000000 CalibSlope=0.000000 TrainMAE=0.021782 ValMAE=0.016265 TrainR2=0.9938 ValR2=0.9971 GateW=[0.22067557275295258, 0.011364800855517387, 0.47400957345962524, 0.2939499616622925]
2025-11-21 23:46:25,378 - INFO - [Epoch 24/200] TrainLoss=0.007887 ValLoss=0.006568 MSE=0.000980 NonNeg=0.000244 Smooth=0.295308 CalibBias=0.000000 CalibSlope=0.000000 TrainMAE=0.021632 ValMAE=0.016542 TrainR2=0.9938 ValR2=0.9972 GateW=[0.22521339356899261, 0.01156599447131157, 0.47536617517471313, 0.28785428404808044]
2025-11-21 23:46:26,099 - INFO - [Epoch 25/200] TrainLoss=0.007797 ValLoss=0.006524 MSE=0.000955 NonNeg=0.000223 Smooth=0.293393 CalibBias=0.000000 CalibSlope=0.000000 TrainMAE=0.021387 ValMAE=0.015654 TrainR2=0.9940 ValR2=0.9974 GateW=[0.22198715806007385, 0.011695792898535728, 0.4733441174030304, 0.2929729223251343]
2025-11-21 23:46:26,825 - INFO - [Epoch 26/200] TrainLoss=0.007814 ValLoss=0.006534 MSE=0.000944 NonNeg=0.000198 Smooth=0.294775 CalibBias=0.000000 CalibSlope=0.000000 TrainMAE=0.021203 ValMAE=0.015828 TrainR2=0.9940 ValR2=0.9973 GateW=[0.22263836860656738, 0.011523059569299221, 0.4706464409828186, 0.29519209265708923]
2025-11-21 23:46:27,541 - INFO - [Epoch 27/200] TrainLoss=0.007754 ValLoss=0.006567 MSE=0.000956 NonNeg=0.000219 Smooth=0.290408 CalibBias=0.000000 CalibSlope=0.000000 TrainMAE=0.021306 ValMAE=0.016069 TrainR2=0.9939 ValR2=0.9971 GateW=[0.22134602069854736, 0.011453197337687016, 0.47163665294647217, 0.2955639660358429]
2025-11-21 23:46:28,257 - INFO - [Epoch 28/200] TrainLoss=0.007910 ValLoss=0.006463 MSE=0.000992 NonNeg=0.000207 Smooth=0.299251 CalibBias=0.000000 CalibSlope=0.000000 TrainMAE=0.021034 ValMAE=0.014984 TrainR2=0.9937 ValR2=0.9977 GateW=[0.22320498526096344, 0.01112960372120142, 0.46765244007110596, 0.29801300168037415]
2025-11-21 23:46:28,979 - INFO - [Epoch 29/200] TrainLoss=0.007802 ValLoss=0.006508 MSE=0.000917 NonNeg=0.000183 Smooth=0.296039 CalibBias=0.000000 CalibSlope=0.000000 TrainMAE=0.021174 ValMAE=0.015430 TrainR2=0.9942 ValR2=0.9975 GateW=[0.21732990443706512, 0.011414686217904091, 0.4697400629520416, 0.3015153110027313]
2025-11-21 23:46:29,698 - INFO - [Epoch 30/200] TrainLoss=0.007800 ValLoss=0.006465 MSE=0.000911 NonNeg=0.000211 Smooth=0.298569 CalibBias=0.000000 CalibSlope=0.000000 TrainMAE=0.020969 ValMAE=0.015121 TrainR2=0.9943 ValR2=0.9977 GateW=[0.21717461943626404, 0.011478441767394543, 0.46737343072891235, 0.303973525762558]
2025-11-21 23:46:30,417 - INFO - [Epoch 31/200] TrainLoss=0.007766 ValLoss=0.006494 MSE=0.000899 NonNeg=0.000186 Smooth=0.293627 CalibBias=0.000000 CalibSlope=0.000000 TrainMAE=0.020999 ValMAE=0.014851 TrainR2=0.9943 ValR2=0.9976 GateW=[0.2176285684108734, 0.011369956657290459, 0.4626908302307129, 0.30831053853034973]
2025-11-21 23:46:31,142 - INFO - [Epoch 32/200] TrainLoss=0.007826 ValLoss=0.006537 MSE=0.000903 NonNeg=0.000166 Smooth=0.300330 CalibBias=0.000000 CalibSlope=0.000000 TrainMAE=0.020673 ValMAE=0.015506 TrainR2=0.9943 ValR2=0.9973 GateW=[0.2215113490819931, 0.011264189146459103, 0.46760472655296326, 0.29961976408958435]
2025-11-21 23:46:31,866 - INFO - [Epoch 33/200] TrainLoss=0.007824 ValLoss=0.006485 MSE=0.000954 NonNeg=0.000168 Smooth=0.298176 CalibBias=0.000000 CalibSlope=0.000000 TrainMAE=0.020751 ValMAE=0.015004 TrainR2=0.9940 ValR2=0.9976 GateW=[0.22351057827472687, 0.011160855181515217, 0.46397915482521057, 0.3013494610786438]
2025-11-21 23:46:32,583 - INFO - [Epoch 34/200] TrainLoss=0.007765 ValLoss=0.006540 MSE=0.000904 NonNeg=0.000160 Smooth=0.296102 CalibBias=0.000000 CalibSlope=0.000000 TrainMAE=0.020701 ValMAE=0.015719 TrainR2=0.9943 ValR2=0.9974 GateW=[0.22269412875175476, 0.01110257301479578, 0.4628700315952301, 0.3033333420753479]
2025-11-21 23:46:33,300 - INFO - [Epoch 35/200] TrainLoss=0.007714 ValLoss=0.006478 MSE=0.000889 NonNeg=0.000161 Smooth=0.297350 CalibBias=0.000000 CalibSlope=0.000000 TrainMAE=0.020491 ValMAE=0.015175 TrainR2=0.9944 ValR2=0.9977 GateW=[0.22148177027702332, 0.010986258275806904, 0.4607401192188263, 0.30679163336753845]
2025-11-21 23:46:34,017 - INFO - [Epoch 36/200] TrainLoss=0.007733 ValLoss=0.006496 MSE=0.000907 NonNeg=0.000159 Smooth=0.297430 CalibBias=0.000000 CalibSlope=0.000000 TrainMAE=0.020511 ValMAE=0.015049 TrainR2=0.9943 ValR2=0.9976 GateW=[0.22188861668109894, 0.010977601632475853, 0.4601427912712097, 0.3069911599159241]
2025-11-21 23:46:34,730 - INFO - [Epoch 37/200] TrainLoss=0.007727 ValLoss=0.006547 MSE=0.000898 NonNeg=0.000126 Smooth=0.297286 CalibBias=0.000000 CalibSlope=0.000000 TrainMAE=0.020423 ValMAE=0.016120 TrainR2=0.9943 ValR2=0.9973 GateW=[0.220966175198555, 0.01091310940682888, 0.46036815643310547, 0.3077526390552521]
2025-11-21 23:46:35,448 - INFO - [Epoch 38/200] TrainLoss=0.007678 ValLoss=0.006498 MSE=0.000869 NonNeg=0.000133 Smooth=0.297334 CalibBias=0.000000 CalibSlope=0.000000 TrainMAE=0.020433 ValMAE=0.015512 TrainR2=0.9945 ValR2=0.9975 GateW=[0.2221985161304474, 0.010770382359623909, 0.4570488929748535, 0.3099822402000427]
2025-11-21 23:46:36,470 - INFO - [Epoch 39/200] TrainLoss=0.007692 ValLoss=0.006447 MSE=0.000897 NonNeg=0.000128 Smooth=0.295789 CalibBias=0.000000 CalibSlope=0.000000 TrainMAE=0.020465 ValMAE=0.014838 TrainR2=0.9943 ValR2=0.9978 GateW=[0.22171911597251892, 0.010765730403363705, 0.45534250140190125, 0.3121725618839264]
2025-11-21 23:46:37,210 - INFO - [Epoch 40/200] TrainLoss=0.007815 ValLoss=0.006460 MSE=0.000934 NonNeg=0.000111 Smooth=0.298552 CalibBias=0.000000 CalibSlope=0.000000 TrainMAE=0.020678 ValMAE=0.014903 TrainR2=0.9941 ValR2=0.9977 GateW=[0.22368456423282623, 0.010734716430306435, 0.45177432894706726, 0.3138064444065094]
2025-11-21 23:46:38,000 - INFO - [Epoch 41/200] TrainLoss=0.007752 ValLoss=0.006461 MSE=0.000853 NonNeg=0.000107 Smooth=0.298794 CalibBias=0.000000 CalibSlope=0.000000 TrainMAE=0.020308 ValMAE=0.014723 TrainR2=0.9946 ValR2=0.9977 GateW=[0.21990275382995605, 0.010655174031853676, 0.45544183254241943, 0.3140001893043518]
2025-11-21 23:46:38,792 - INFO - [Epoch 42/200] TrainLoss=0.007749 ValLoss=0.006545 MSE=0.000896 NonNeg=0.000128 Smooth=0.299920 CalibBias=0.000000 CalibSlope=0.000000 TrainMAE=0.020515 ValMAE=0.016084 TrainR2=0.9943 ValR2=0.9973 GateW=[0.2182399481534958, 0.010731128044426441, 0.45572930574417114, 0.3152998387813568]
2025-11-21 23:46:39,596 - INFO - [Epoch 43/200] TrainLoss=0.007607 ValLoss=0.006529 MSE=0.000833 NonNeg=0.000115 Smooth=0.296066 CalibBias=0.000000 CalibSlope=0.000000 TrainMAE=0.020398 ValMAE=0.015635 TrainR2=0.9947 ValR2=0.9975 GateW=[0.21862070262432098, 0.010496181435883045, 0.44924303889274597, 0.32163992524147034]
2025-11-21 23:46:40,337 - INFO - [Epoch 44/200] TrainLoss=0.007677 ValLoss=0.006492 MSE=0.000867 NonNeg=0.000101 Smooth=0.297447 CalibBias=0.000000 CalibSlope=0.000000 TrainMAE=0.020130 ValMAE=0.015447 TrainR2=0.9945 ValR2=0.9976 GateW=[0.22515013813972473, 0.0100755225867033, 0.446313738822937, 0.31846073269844055]
2025-11-21 23:46:41,140 - INFO - [Epoch 45/200] TrainLoss=0.007736 ValLoss=0.006501 MSE=0.000887 NonNeg=0.000106 Smooth=0.297770 CalibBias=0.000000 CalibSlope=0.000000 TrainMAE=0.020557 ValMAE=0.015590 TrainR2=0.9944 ValR2=0.9975 GateW=[0.21892526745796204, 0.010389079339802265, 0.4473981559276581, 0.3232874572277069]
2025-11-21 23:46:41,895 - INFO - [Epoch 46/200] TrainLoss=0.007742 ValLoss=0.006513 MSE=0.000879 NonNeg=0.000103 Smooth=0.298819 CalibBias=0.000000 CalibSlope=0.000000 TrainMAE=0.020497 ValMAE=0.015626 TrainR2=0.9944 ValR2=0.9975 GateW=[0.22204186022281647, 0.01017254963517189, 0.4458107054233551, 0.32197490334510803]
2025-11-21 23:46:42,636 - INFO - [Epoch 47/200] TrainLoss=0.007685 ValLoss=0.006444 MSE=0.000846 NonNeg=0.000101 Smooth=0.298741 CalibBias=0.000000 CalibSlope=0.000000 TrainMAE=0.020379 ValMAE=0.014701 TrainR2=0.9946 ValR2=0.9979 GateW=[0.2300034463405609, 0.01004902645945549, 0.4404100775718689, 0.31953734159469604]
2025-11-21 23:46:43,369 - INFO - [Epoch 48/200] TrainLoss=0.007593 ValLoss=0.006402 MSE=0.000835 NonNeg=0.000088 Smooth=0.296646 CalibBias=0.000000 CalibSlope=0.000000 TrainMAE=0.020225 ValMAE=0.014273 TrainR2=0.9947 ValR2=0.9981 GateW=[0.21673953533172607, 0.010310514830052853, 0.44659221172332764, 0.3263576626777649]
2025-11-21 23:46:44,102 - INFO - [Epoch 49/200] TrainLoss=0.007581 ValLoss=0.006496 MSE=0.000815 NonNeg=0.000080 Smooth=0.296740 CalibBias=0.000000 CalibSlope=0.000000 TrainMAE=0.020213 ValMAE=0.015445 TrainR2=0.9948 ValR2=0.9977 GateW=[0.2199394702911377, 0.01051471196115017, 0.4455612301826477, 0.3239845335483551]
2025-11-21 23:46:44,858 - INFO - [Epoch 50/200] TrainLoss=0.007735 ValLoss=0.006586 MSE=0.000877 NonNeg=0.000081 Smooth=0.299389 CalibBias=0.000000 CalibSlope=0.000000 TrainMAE=0.020447 ValMAE=0.016508 TrainR2=0.9945 ValR2=0.9972 GateW=[0.22287869453430176, 0.010347312316298485, 0.43984755873680115, 0.3269265592098236]
2025-11-21 23:46:45,636 - INFO - [Epoch 51/200] TrainLoss=0.007685 ValLoss=0.006500 MSE=0.000855 NonNeg=0.000082 Smooth=0.298451 CalibBias=0.000000 CalibSlope=0.000000 TrainMAE=0.020289 ValMAE=0.015723 TrainR2=0.9946 ValR2=0.9976 GateW=[0.21923984587192535, 0.010280711576342583, 0.4403931200504303, 0.3300863206386566]
2025-11-21 23:46:46,579 - INFO - [Epoch 52/200] TrainLoss=0.007608 ValLoss=0.006476 MSE=0.000872 NonNeg=0.000083 Smooth=0.295297 CalibBias=0.000000 CalibSlope=0.000000 TrainMAE=0.020250 ValMAE=0.015259 TrainR2=0.9945 ValR2=0.9977 GateW=[0.22436803579330444, 0.01026217546314001, 0.4382845163345337, 0.32708540558815]
2025-11-21 23:46:47,336 - INFO - [Epoch 53/200] TrainLoss=0.007692 ValLoss=0.006450 MSE=0.000863 NonNeg=0.000076 Smooth=0.299256 CalibBias=0.000000 CalibSlope=0.000000 TrainMAE=0.020207 ValMAE=0.015026 TrainR2=0.9945 ValR2=0.9978 GateW=[0.22056415677070618, 0.01039872132241726, 0.43980178236961365, 0.329235315322876]
2025-11-21 23:46:48,244 - INFO - [Epoch 54/200] TrainLoss=0.007674 ValLoss=0.006466 MSE=0.000856 NonNeg=0.000075 Smooth=0.299305 CalibBias=0.000000 CalibSlope=0.000000 TrainMAE=0.020249 ValMAE=0.015506 TrainR2=0.9946 ValR2=0.9977 GateW=[0.22412854433059692, 0.010361544787883759, 0.4375331699848175, 0.3279767632484436]
2025-11-21 23:46:49,045 - INFO - [Epoch 55/200] TrainLoss=0.007561 ValLoss=0.006432 MSE=0.000818 NonNeg=0.000065 Smooth=0.294147 CalibBias=0.000000 CalibSlope=0.000000 TrainMAE=0.020171 ValMAE=0.014742 TrainR2=0.9948 ValR2=0.9979 GateW=[0.2182193547487259, 0.010567222721874714, 0.43973907828330994, 0.3314744532108307]
2025-11-21 23:46:49,776 - INFO - [Epoch 56/200] TrainLoss=0.007561 ValLoss=0.006476 MSE=0.000859 NonNeg=0.000076 Smooth=0.294639 CalibBias=0.000000 CalibSlope=0.000000 TrainMAE=0.020152 ValMAE=0.015348 TrainR2=0.9946 ValR2=0.9977 GateW=[0.22163081169128418, 0.010417347773909569, 0.44034308195114136, 0.32760870456695557]
2025-11-21 23:46:50,512 - INFO - [Epoch 57/200] TrainLoss=0.007609 ValLoss=0.006479 MSE=0.000865 NonNeg=0.000081 Smooth=0.295093 CalibBias=0.000000 CalibSlope=0.000000 TrainMAE=0.020226 ValMAE=0.015455 TrainR2=0.9945 ValR2=0.9977 GateW=[0.22178037464618683, 0.010378305800259113, 0.43859967589378357, 0.3292415738105774]
2025-11-21 23:46:51,244 - INFO - [Epoch 58/200] TrainLoss=0.007710 ValLoss=0.006502 MSE=0.000853 NonNeg=0.000075 Smooth=0.299823 CalibBias=0.000000 CalibSlope=0.000000 TrainMAE=0.020313 ValMAE=0.015815 TrainR2=0.9946 ValR2=0.9975 GateW=[0.22606420516967773, 0.010574106127023697, 0.43591684103012085, 0.327444851398468]
2025-11-21 23:46:52,056 - INFO - [Epoch 59/200] TrainLoss=0.007634 ValLoss=0.006410 MSE=0.000824 NonNeg=0.000078 Smooth=0.298816 CalibBias=0.000000 CalibSlope=0.000000 TrainMAE=0.020132 ValMAE=0.014908 TrainR2=0.9948 ValR2=0.9979 GateW=[0.2254846841096878, 0.010689680464565754, 0.43240225315093994, 0.3314233720302582]
2025-11-21 23:46:52,850 - INFO - [Epoch 60/200] TrainLoss=0.007657 ValLoss=0.006358 MSE=0.000834 NonNeg=0.000074 Smooth=0.300191 CalibBias=0.000000 CalibSlope=0.000000 TrainMAE=0.020208 ValMAE=0.013886 TrainR2=0.9947 ValR2=0.9982 GateW=[0.2220158725976944, 0.010636224411427975, 0.4343400001525879, 0.33300766348838806]
2025-11-21 23:46:53,576 - INFO - [Epoch 61/200] TrainLoss=0.007675 ValLoss=0.006517 MSE=0.000863 NonNeg=0.000062 Smooth=0.297200 CalibBias=0.000000 CalibSlope=0.000000 TrainMAE=0.020325 ValMAE=0.015904 TrainR2=0.9945 ValR2=0.9975 GateW=[0.22442075610160828, 0.010308046825230122, 0.4329785108566284, 0.33229273557662964]
2025-11-21 23:46:54,315 - INFO - [Epoch 62/200] TrainLoss=0.007646 ValLoss=0.006464 MSE=0.000831 NonNeg=0.000059 Smooth=0.300443 CalibBias=0.000000 CalibSlope=0.000000 TrainMAE=0.020224 ValMAE=0.015384 TrainR2=0.9947 ValR2=0.9978 GateW=[0.22511659562587738, 0.010410667397081852, 0.4338702857494354, 0.3306025266647339]
2025-11-21 23:46:55,035 - INFO - [Epoch 63/200] TrainLoss=0.007618 ValLoss=0.006431 MSE=0.000826 NonNeg=0.000069 Smooth=0.298056 CalibBias=0.000000 CalibSlope=0.000000 TrainMAE=0.020129 ValMAE=0.014862 TrainR2=0.9948 ValR2=0.9979 GateW=[0.22723832726478577, 0.010248424485325813, 0.43140289187431335, 0.3311103284358978]
2025-11-21 23:46:55,756 - INFO - [Epoch 64/200] TrainLoss=0.007683 ValLoss=0.006479 MSE=0.000803 NonNeg=0.000073 Smooth=0.302996 CalibBias=0.000000 CalibSlope=0.000000 TrainMAE=0.019980 ValMAE=0.015751 TrainR2=0.9949 ValR2=0.9977 GateW=[0.21968457102775574, 0.0107875382527709, 0.43732303380966187, 0.3322049379348755]
2025-11-21 23:46:56,477 - INFO - [Epoch 65/200] TrainLoss=0.007581 ValLoss=0.006427 MSE=0.000838 NonNeg=0.000067 Smooth=0.295696 CalibBias=0.000000 CalibSlope=0.000000 TrainMAE=0.020209 ValMAE=0.014910 TrainR2=0.9947 ValR2=0.9979 GateW=[0.22282198071479797, 0.010573078878223896, 0.43311095237731934, 0.3334942162036896]
2025-11-21 23:46:57,205 - INFO - [Epoch 66/200] TrainLoss=0.007624 ValLoss=0.006459 MSE=0.000804 NonNeg=0.000067 Smooth=0.298025 CalibBias=0.000000 CalibSlope=0.000000 TrainMAE=0.020128 ValMAE=0.015376 TrainR2=0.9949 ValR2=0.9977 GateW=[0.2269430011510849, 0.010557672940194607, 0.43206992745399475, 0.3304293155670166]
2025-11-21 23:46:57,909 - INFO - [Epoch 67/200] TrainLoss=0.007637 ValLoss=0.006427 MSE=0.000858 NonNeg=0.000071 Smooth=0.298220 CalibBias=0.000000 CalibSlope=0.000000 TrainMAE=0.020051 ValMAE=0.014788 TrainR2=0.9946 ValR2=0.9980 GateW=[0.22702553868293762, 0.010692132636904716, 0.43148812651634216, 0.33079418540000916]
2025-11-21 23:46:58,636 - INFO - [Epoch 68/200] TrainLoss=0.007542 ValLoss=0.006394 MSE=0.000803 NonNeg=0.000061 Smooth=0.296694 CalibBias=0.000000 CalibSlope=0.000000 TrainMAE=0.019917 ValMAE=0.014459 TrainR2=0.9949 ValR2=0.9981 GateW=[0.2248953878879547, 0.010509645566344261, 0.43318912386894226, 0.33140578866004944]
2025-11-21 23:46:59,404 - INFO - [Epoch 69/200] TrainLoss=0.007632 ValLoss=0.006421 MSE=0.000806 NonNeg=0.000057 Smooth=0.299667 CalibBias=0.000000 CalibSlope=0.000000 TrainMAE=0.020120 ValMAE=0.014613 TrainR2=0.9949 ValR2=0.9980 GateW=[0.22181104123592377, 0.01088409498333931, 0.4330822229385376, 0.33422255516052246]
2025-11-21 23:47:00,199 - INFO - [Epoch 70/200] TrainLoss=0.007633 ValLoss=0.006456 MSE=0.000868 NonNeg=0.000059 Smooth=0.295432 CalibBias=0.000000 CalibSlope=0.000000 TrainMAE=0.020161 ValMAE=0.015836 TrainR2=0.9945 ValR2=0.9977 GateW=[0.2294224202632904, 0.01102540735155344, 0.43405285477638245, 0.32549935579299927]
2025-11-21 23:47:00,921 - INFO - [Epoch 71/200] TrainLoss=0.007652 ValLoss=0.006497 MSE=0.000841 NonNeg=0.000062 Smooth=0.298796 CalibBias=0.000000 CalibSlope=0.000000 TrainMAE=0.020233 ValMAE=0.016228 TrainR2=0.9947 ValR2=0.9976 GateW=[0.2259208709001541, 0.011105995625257492, 0.4304746687412262, 0.33249855041503906]
2025-11-21 23:47:01,630 - INFO - [Epoch 72/200] TrainLoss=0.007518 ValLoss=0.006420 MSE=0.000797 NonNeg=0.000071 Smooth=0.294745 CalibBias=0.000000 CalibSlope=0.000000 TrainMAE=0.020185 ValMAE=0.015002 TrainR2=0.9950 ValR2=0.9980 GateW=[0.2282291203737259, 0.01100238412618637, 0.42914894223213196, 0.3316195011138916]
2025-11-21 23:47:02,340 - INFO - [Epoch 73/200] TrainLoss=0.007667 ValLoss=0.006420 MSE=0.000865 NonNeg=0.000059 Smooth=0.299048 CalibBias=0.000000 CalibSlope=0.000000 TrainMAE=0.020365 ValMAE=0.014777 TrainR2=0.9945 ValR2=0.9980 GateW=[0.22554105520248413, 0.011518565937876701, 0.4326072633266449, 0.33033332228660583]
2025-11-21 23:47:03,045 - INFO - [Epoch 74/200] TrainLoss=0.007505 ValLoss=0.006481 MSE=0.000783 NonNeg=0.000055 Smooth=0.295100 CalibBias=0.000000 CalibSlope=0.000000 TrainMAE=0.019935 ValMAE=0.016058 TrainR2=0.9950 ValR2=0.9976 GateW=[0.2284962385892868, 0.011575024574995041, 0.4319821000099182, 0.3279467523097992]
2025-11-21 23:47:03,756 - INFO - [Epoch 75/200] TrainLoss=0.007538 ValLoss=0.006462 MSE=0.000777 NonNeg=0.000054 Smooth=0.299271 CalibBias=0.000000 CalibSlope=0.000000 TrainMAE=0.019860 ValMAE=0.015745 TrainR2=0.9951 ValR2=0.9977 GateW=[0.22473347187042236, 0.011569247581064701, 0.43084344267845154, 0.33285391330718994]
2025-11-21 23:47:04,498 - INFO - [Epoch 76/200] TrainLoss=0.007509 ValLoss=0.006434 MSE=0.000807 NonNeg=0.000061 Smooth=0.295934 CalibBias=0.000000 CalibSlope=0.000000 TrainMAE=0.019946 ValMAE=0.015231 TrainR2=0.9949 ValR2=0.9979 GateW=[0.22401662170886993, 0.011883004568517208, 0.43180233240127563, 0.3322979211807251]
2025-11-21 23:47:05,215 - INFO - [Epoch 77/200] TrainLoss=0.007623 ValLoss=0.006432 MSE=0.000825 NonNeg=0.000063 Smooth=0.298603 CalibBias=0.000000 CalibSlope=0.000000 TrainMAE=0.020036 ValMAE=0.015265 TrainR2=0.9948 ValR2=0.9980 GateW=[0.22840066254138947, 0.011880528181791306, 0.43073612451553345, 0.32898274064064026]
2025-11-21 23:47:05,933 - INFO - [Epoch 78/200] TrainLoss=0.007576 ValLoss=0.006413 MSE=0.000796 NonNeg=0.000061 Smooth=0.297907 CalibBias=0.000000 CalibSlope=0.000000 TrainMAE=0.020023 ValMAE=0.015264 TrainR2=0.9950 ValR2=0.9979 GateW=[0.23082168400287628, 0.011955092661082745, 0.4322546124458313, 0.3249686062335968]
2025-11-21 23:47:06,665 - INFO - [Epoch 79/200] TrainLoss=0.007635 ValLoss=0.006416 MSE=0.000832 NonNeg=0.000054 Smooth=0.300178 CalibBias=0.000000 CalibSlope=0.000000 TrainMAE=0.019970 ValMAE=0.015178 TrainR2=0.9947 ValR2=0.9979 GateW=[0.2260332852602005, 0.01219459529966116, 0.43211930990219116, 0.3296526074409485]
2025-11-21 23:47:07,379 - INFO - [Epoch 80/200] TrainLoss=0.007574 ValLoss=0.006395 MSE=0.000838 NonNeg=0.000051 Smooth=0.294992 CalibBias=0.000000 CalibSlope=0.000000 TrainMAE=0.020236 ValMAE=0.014816 TrainR2=0.9947 ValR2=0.9980 GateW=[0.22431467473506927, 0.012254898436367512, 0.4327813982963562, 0.33064913749694824]
2025-11-21 23:47:07,379 - INFO - Early stopping triggered at epoch 80. Best val loss=0.006358
2025-11-21 23:47:07,691 - INFO - Training complete. Artifacts written to results/2025-11-21_23-44-08
