2025-11-21 22:18:52,930 - INFO - Device: cpu
2025-11-21 22:18:52,930 - INFO - === Stage 1: Pretraining experts for 100 epochs (hard routing by 'no') ===
2025-11-21 22:18:54,138 - INFO - [Pretrain] Epoch 1/100  TrainLoss=0.102660
2025-11-21 22:18:55,257 - INFO - [Pretrain] Epoch 2/100  TrainLoss=0.016028
2025-11-21 22:18:56,409 - INFO - [Pretrain] Epoch 3/100  TrainLoss=0.014363
2025-11-21 22:18:57,526 - INFO - [Pretrain] Epoch 4/100  TrainLoss=0.013595
2025-11-21 22:18:58,648 - INFO - [Pretrain] Epoch 5/100  TrainLoss=0.013217
2025-11-21 22:18:59,761 - INFO - [Pretrain] Epoch 6/100  TrainLoss=0.012874
2025-11-21 22:19:00,872 - INFO - [Pretrain] Epoch 7/100  TrainLoss=0.012553
2025-11-21 22:19:01,990 - INFO - [Pretrain] Epoch 8/100  TrainLoss=0.012294
2025-11-21 22:19:03,109 - INFO - [Pretrain] Epoch 9/100  TrainLoss=0.011963
2025-11-21 22:19:04,226 - INFO - [Pretrain] Epoch 10/100  TrainLoss=0.011979
2025-11-21 22:19:05,336 - INFO - [Pretrain] Epoch 11/100  TrainLoss=0.011833
2025-11-21 22:19:06,439 - INFO - [Pretrain] Epoch 12/100  TrainLoss=0.011788
2025-11-21 22:19:07,548 - INFO - [Pretrain] Epoch 13/100  TrainLoss=0.011629
2025-11-21 22:19:08,671 - INFO - [Pretrain] Epoch 14/100  TrainLoss=0.011639
2025-11-21 22:19:09,788 - INFO - [Pretrain] Epoch 15/100  TrainLoss=0.011655
2025-11-21 22:19:10,894 - INFO - [Pretrain] Epoch 16/100  TrainLoss=0.011282
2025-11-21 22:19:12,016 - INFO - [Pretrain] Epoch 17/100  TrainLoss=0.011367
2025-11-21 22:19:13,133 - INFO - [Pretrain] Epoch 18/100  TrainLoss=0.011281
2025-11-21 22:19:14,243 - INFO - [Pretrain] Epoch 19/100  TrainLoss=0.011281
2025-11-21 22:19:15,357 - INFO - [Pretrain] Epoch 20/100  TrainLoss=0.011178
2025-11-21 22:19:16,476 - INFO - [Pretrain] Epoch 21/100  TrainLoss=0.011104
2025-11-21 22:19:17,588 - INFO - [Pretrain] Epoch 22/100  TrainLoss=0.011104
2025-11-21 22:19:18,700 - INFO - [Pretrain] Epoch 23/100  TrainLoss=0.010889
2025-11-21 22:19:19,815 - INFO - [Pretrain] Epoch 24/100  TrainLoss=0.011042
2025-11-21 22:19:20,969 - INFO - [Pretrain] Epoch 25/100  TrainLoss=0.010958
2025-11-21 22:19:22,085 - INFO - [Pretrain] Epoch 26/100  TrainLoss=0.010896
2025-11-21 22:19:23,205 - INFO - [Pretrain] Epoch 27/100  TrainLoss=0.010819
2025-11-21 22:19:24,310 - INFO - [Pretrain] Epoch 28/100  TrainLoss=0.010888
2025-11-21 22:19:25,420 - INFO - [Pretrain] Epoch 29/100  TrainLoss=0.010758
2025-11-21 22:19:26,536 - INFO - [Pretrain] Epoch 30/100  TrainLoss=0.010857
2025-11-21 22:19:27,648 - INFO - [Pretrain] Epoch 31/100  TrainLoss=0.010788
2025-11-21 22:19:28,769 - INFO - [Pretrain] Epoch 32/100  TrainLoss=0.010635
2025-11-21 22:19:29,883 - INFO - [Pretrain] Epoch 33/100  TrainLoss=0.010592
2025-11-21 22:19:31,000 - INFO - [Pretrain] Epoch 34/100  TrainLoss=0.010711
2025-11-21 22:19:32,118 - INFO - [Pretrain] Epoch 35/100  TrainLoss=0.010588
2025-11-21 22:19:33,231 - INFO - [Pretrain] Epoch 36/100  TrainLoss=0.010666
2025-11-21 22:19:34,339 - INFO - [Pretrain] Epoch 37/100  TrainLoss=0.010640
2025-11-21 22:19:35,460 - INFO - [Pretrain] Epoch 38/100  TrainLoss=0.010424
2025-11-21 22:19:36,574 - INFO - [Pretrain] Epoch 39/100  TrainLoss=0.010608
2025-11-21 22:19:37,677 - INFO - [Pretrain] Epoch 40/100  TrainLoss=0.010419
2025-11-21 22:19:38,788 - INFO - [Pretrain] Epoch 41/100  TrainLoss=0.010376
2025-11-21 22:19:39,898 - INFO - [Pretrain] Epoch 42/100  TrainLoss=0.010454
2025-11-21 22:19:41,006 - INFO - [Pretrain] Epoch 43/100  TrainLoss=0.010440
2025-11-21 22:19:42,116 - INFO - [Pretrain] Epoch 44/100  TrainLoss=0.010473
2025-11-21 22:19:43,235 - INFO - [Pretrain] Epoch 45/100  TrainLoss=0.010278
2025-11-21 22:19:44,343 - INFO - [Pretrain] Epoch 46/100  TrainLoss=0.010282
2025-11-21 22:19:45,459 - INFO - [Pretrain] Epoch 47/100  TrainLoss=0.010285
2025-11-21 22:19:46,578 - INFO - [Pretrain] Epoch 48/100  TrainLoss=0.010330
2025-11-21 22:19:47,700 - INFO - [Pretrain] Epoch 49/100  TrainLoss=0.010367
2025-11-21 22:19:48,811 - INFO - [Pretrain] Epoch 50/100  TrainLoss=0.010307
2025-11-21 22:19:49,923 - INFO - [Pretrain] Epoch 51/100  TrainLoss=0.010191
2025-11-21 22:19:51,043 - INFO - [Pretrain] Epoch 52/100  TrainLoss=0.010233
2025-11-21 22:19:52,163 - INFO - [Pretrain] Epoch 53/100  TrainLoss=0.010274
2025-11-21 22:19:53,283 - INFO - [Pretrain] Epoch 54/100  TrainLoss=0.010121
2025-11-21 22:19:54,398 - INFO - [Pretrain] Epoch 55/100  TrainLoss=0.010100
2025-11-21 22:19:55,512 - INFO - [Pretrain] Epoch 56/100  TrainLoss=0.010225
2025-11-21 22:19:56,613 - INFO - [Pretrain] Epoch 57/100  TrainLoss=0.010068
2025-11-21 22:19:57,715 - INFO - [Pretrain] Epoch 58/100  TrainLoss=0.010192
2025-11-21 22:19:58,829 - INFO - [Pretrain] Epoch 59/100  TrainLoss=0.010147
2025-11-21 22:19:59,944 - INFO - [Pretrain] Epoch 60/100  TrainLoss=0.010248
2025-11-21 22:20:01,055 - INFO - [Pretrain] Epoch 61/100  TrainLoss=0.010099
2025-11-21 22:20:02,188 - INFO - [Pretrain] Epoch 62/100  TrainLoss=0.010071
2025-11-21 22:20:03,347 - INFO - [Pretrain] Epoch 63/100  TrainLoss=0.010064
2025-11-21 22:20:04,477 - INFO - [Pretrain] Epoch 64/100  TrainLoss=0.010148
2025-11-21 22:20:05,593 - INFO - [Pretrain] Epoch 65/100  TrainLoss=0.010041
2025-11-21 22:20:06,706 - INFO - [Pretrain] Epoch 66/100  TrainLoss=0.010045
2025-11-21 22:20:07,816 - INFO - [Pretrain] Epoch 67/100  TrainLoss=0.010080
2025-11-21 22:20:08,929 - INFO - [Pretrain] Epoch 68/100  TrainLoss=0.009938
2025-11-21 22:20:10,044 - INFO - [Pretrain] Epoch 69/100  TrainLoss=0.009944
2025-11-21 22:20:11,149 - INFO - [Pretrain] Epoch 70/100  TrainLoss=0.010104
2025-11-21 22:20:12,272 - INFO - [Pretrain] Epoch 71/100  TrainLoss=0.009915
2025-11-21 22:20:13,383 - INFO - [Pretrain] Epoch 72/100  TrainLoss=0.009877
2025-11-21 22:20:14,488 - INFO - [Pretrain] Epoch 73/100  TrainLoss=0.009947
2025-11-21 22:20:15,592 - INFO - [Pretrain] Epoch 74/100  TrainLoss=0.009913
2025-11-21 22:20:16,697 - INFO - [Pretrain] Epoch 75/100  TrainLoss=0.009789
2025-11-21 22:20:17,807 - INFO - [Pretrain] Epoch 76/100  TrainLoss=0.009782
2025-11-21 22:20:18,919 - INFO - [Pretrain] Epoch 77/100  TrainLoss=0.009917
2025-11-21 22:20:20,019 - INFO - [Pretrain] Epoch 78/100  TrainLoss=0.009814
2025-11-21 22:20:21,132 - INFO - [Pretrain] Epoch 79/100  TrainLoss=0.009874
2025-11-21 22:20:22,242 - INFO - [Pretrain] Epoch 80/100  TrainLoss=0.009851
2025-11-21 22:20:23,358 - INFO - [Pretrain] Epoch 81/100  TrainLoss=0.009770
2025-11-21 22:20:24,466 - INFO - [Pretrain] Epoch 82/100  TrainLoss=0.009925
2025-11-21 22:20:25,667 - INFO - [Pretrain] Epoch 83/100  TrainLoss=0.009747
2025-11-21 22:20:26,776 - INFO - [Pretrain] Epoch 84/100  TrainLoss=0.009780
2025-11-21 22:20:27,887 - INFO - [Pretrain] Epoch 85/100  TrainLoss=0.009762
2025-11-21 22:20:29,000 - INFO - [Pretrain] Epoch 86/100  TrainLoss=0.009725
2025-11-21 22:20:30,114 - INFO - [Pretrain] Epoch 87/100  TrainLoss=0.009835
2025-11-21 22:20:31,229 - INFO - [Pretrain] Epoch 88/100  TrainLoss=0.009831
2025-11-21 22:20:32,341 - INFO - [Pretrain] Epoch 89/100  TrainLoss=0.009779
2025-11-21 22:20:33,442 - INFO - [Pretrain] Epoch 90/100  TrainLoss=0.009845
2025-11-21 22:20:34,552 - INFO - [Pretrain] Epoch 91/100  TrainLoss=0.009833
2025-11-21 22:20:35,665 - INFO - [Pretrain] Epoch 92/100  TrainLoss=0.009659
2025-11-21 22:20:36,765 - INFO - [Pretrain] Epoch 93/100  TrainLoss=0.009682
2025-11-21 22:20:37,875 - INFO - [Pretrain] Epoch 94/100  TrainLoss=0.009823
2025-11-21 22:20:38,980 - INFO - [Pretrain] Epoch 95/100  TrainLoss=0.009694
2025-11-21 22:20:40,090 - INFO - [Pretrain] Epoch 96/100  TrainLoss=0.009793
2025-11-21 22:20:41,199 - INFO - [Pretrain] Epoch 97/100  TrainLoss=0.009840
2025-11-21 22:20:42,314 - INFO - [Pretrain] Epoch 98/100  TrainLoss=0.009670
2025-11-21 22:20:43,427 - INFO - [Pretrain] Epoch 99/100  TrainLoss=0.009676
2025-11-21 22:20:44,541 - INFO - [Pretrain] Epoch 100/100  TrainLoss=0.009650
2025-11-21 22:20:44,542 - INFO - === Stage 2: Training gate + MoE for up to 200 epochs with early stopping ===
2025-11-21 22:20:45,257 - INFO - [Epoch 1/200] TrainLoss=0.029808 ValLoss=0.019205 MSE=0.025384 NonNeg=0.000000 Smooth=0.147476 TrainMAE=0.140891 ValMAE=0.102548 TrainR2=0.8392 ValR2=0.9134 GateW=[0.22255893051624298, 0.21355408430099487, 0.27048560976982117, 0.29340147972106934]
2025-11-21 22:20:46,002 - INFO - [Epoch 2/200] TrainLoss=0.014979 ValLoss=0.011449 MSE=0.008408 NonNeg=0.000022 Smooth=0.218984 TrainMAE=0.076544 ValMAE=0.054348 TrainR2=0.9468 ValR2=0.9738 GateW=[0.11811555176973343, 0.1277114897966385, 0.3979169428348541, 0.3562559187412262]
2025-11-21 22:20:46,714 - INFO - [Epoch 3/200] TrainLoss=0.011457 ValLoss=0.010188 MSE=0.003628 NonNeg=0.000168 Smooth=0.260626 TrainMAE=0.048849 ValMAE=0.038782 TrainR2=0.9770 ValR2=0.9860 GateW=[0.06890396028757095, 0.08800600469112396, 0.5156486630439758, 0.3274415135383606]
2025-11-21 22:20:47,434 - INFO - [Epoch 4/200] TrainLoss=0.010807 ValLoss=0.009831 MSE=0.002619 NonNeg=0.000307 Smooth=0.272302 TrainMAE=0.041084 ValMAE=0.032877 TrainR2=0.9834 ValR2=0.9900 GateW=[0.05136026442050934, 0.07100265473127365, 0.5651779174804688, 0.31245899200439453]
2025-11-21 22:20:48,144 - INFO - [Epoch 5/200] TrainLoss=0.010566 ValLoss=0.009665 MSE=0.002176 NonNeg=0.000355 Smooth=0.278963 TrainMAE=0.037254 ValMAE=0.030857 TrainR2=0.9862 ValR2=0.9916 GateW=[0.04447029158473015, 0.06014741584658623, 0.5847755074501038, 0.3106069564819336]
2025-11-21 22:20:48,850 - INFO - [Epoch 6/200] TrainLoss=0.010335 ValLoss=0.009544 MSE=0.001973 NonNeg=0.000391 Smooth=0.277920 TrainMAE=0.035041 ValMAE=0.029031 TrainR2=0.9875 ValR2=0.9927 GateW=[0.0412650890648365, 0.05261420086026192, 0.5927459001541138, 0.313374787569046]
2025-11-21 22:20:49,565 - INFO - [Epoch 7/200] TrainLoss=0.010128 ValLoss=0.009461 MSE=0.001780 NonNeg=0.000401 Smooth=0.277468 TrainMAE=0.033332 ValMAE=0.027611 TrainR2=0.9887 ValR2=0.9936 GateW=[0.040318507701158524, 0.046384748071432114, 0.5949627161026001, 0.31833407282829285]
2025-11-21 22:20:50,276 - INFO - [Epoch 8/200] TrainLoss=0.010160 ValLoss=0.009414 MSE=0.001718 NonNeg=0.000409 Smooth=0.280578 TrainMAE=0.032309 ValMAE=0.027404 TrainR2=0.9891 ValR2=0.9938 GateW=[0.04049786180257797, 0.04101376235485077, 0.5917277336120605, 0.3267607092857361]
2025-11-21 22:20:50,988 - INFO - [Epoch 9/200] TrainLoss=0.009990 ValLoss=0.009358 MSE=0.001576 NonNeg=0.000396 Smooth=0.279702 TrainMAE=0.030945 ValMAE=0.026216 TrainR2=0.9900 ValR2=0.9944 GateW=[0.042345743626356125, 0.0371236726641655, 0.5814645886421204, 0.33906593918800354]
2025-11-21 22:20:51,699 - INFO - [Epoch 10/200] TrainLoss=0.009885 ValLoss=0.009319 MSE=0.001507 NonNeg=0.000323 Smooth=0.278635 TrainMAE=0.030222 ValMAE=0.026323 TrainR2=0.9905 ValR2=0.9943 GateW=[0.045071881264448166, 0.03367956355214119, 0.5669363737106323, 0.3543121814727783]
2025-11-21 22:20:52,409 - INFO - [Epoch 11/200] TrainLoss=0.009945 ValLoss=0.009279 MSE=0.001446 NonNeg=0.000164 Smooth=0.282944 TrainMAE=0.030010 ValMAE=0.026280 TrainR2=0.9908 ValR2=0.9943 GateW=[0.05097389966249466, 0.031217869371175766, 0.5402774810791016, 0.3775307238101959]
2025-11-21 22:20:53,183 - INFO - [Epoch 12/200] TrainLoss=0.009866 ValLoss=0.009261 MSE=0.001507 NonNeg=0.000087 Smooth=0.278447 TrainMAE=0.029869 ValMAE=0.026488 TrainR2=0.9905 ValR2=0.9943 GateW=[0.06034093350172043, 0.02888837642967701, 0.5268877148628235, 0.38388317823410034]
2025-11-21 22:20:53,896 - INFO - [Epoch 13/200] TrainLoss=0.009814 ValLoss=0.009241 MSE=0.001394 NonNeg=0.000052 Smooth=0.280535 TrainMAE=0.029168 ValMAE=0.025832 TrainR2=0.9912 ValR2=0.9946 GateW=[0.0742441713809967, 0.026508929207921028, 0.5241577625274658, 0.3750891387462616]
2025-11-21 22:20:54,614 - INFO - [Epoch 14/200] TrainLoss=0.009741 ValLoss=0.009233 MSE=0.001334 NonNeg=0.000040 Smooth=0.280159 TrainMAE=0.028725 ValMAE=0.026097 TrainR2=0.9916 ValR2=0.9945 GateW=[0.0911775678396225, 0.02385861426591873, 0.5167909860610962, 0.368172824382782]
2025-11-21 22:20:55,324 - INFO - [Epoch 15/200] TrainLoss=0.009711 ValLoss=0.009217 MSE=0.001338 NonNeg=0.000042 Smooth=0.279024 TrainMAE=0.028433 ValMAE=0.025518 TrainR2=0.9915 ValR2=0.9947 GateW=[0.10455259680747986, 0.02163606323301792, 0.5125999450683594, 0.3612114489078522]
2025-11-21 22:20:56,033 - INFO - [Epoch 16/200] TrainLoss=0.009600 ValLoss=0.009213 MSE=0.001258 NonNeg=0.000037 Smooth=0.277980 TrainMAE=0.027731 ValMAE=0.025662 TrainR2=0.9920 ValR2=0.9946 GateW=[0.11698325723409653, 0.019493641331791878, 0.5093078017234802, 0.35421499609947205]
2025-11-21 22:20:56,744 - INFO - [Epoch 17/200] TrainLoss=0.009738 ValLoss=0.009203 MSE=0.001341 NonNeg=0.000035 Smooth=0.279846 TrainMAE=0.027817 ValMAE=0.025546 TrainR2=0.9915 ValR2=0.9947 GateW=[0.12704074382781982, 0.017875030636787415, 0.5041772723197937, 0.3509070873260498]
2025-11-21 22:20:57,455 - INFO - [Epoch 18/200] TrainLoss=0.009656 ValLoss=0.009201 MSE=0.001266 NonNeg=0.000035 Smooth=0.279571 TrainMAE=0.027499 ValMAE=0.025580 TrainR2=0.9920 ValR2=0.9947 GateW=[0.13816431164741516, 0.016364622861146927, 0.49979332089424133, 0.34567782282829285]
2025-11-21 22:20:58,157 - INFO - [Epoch 19/200] TrainLoss=0.009795 ValLoss=0.009194 MSE=0.001324 NonNeg=0.000033 Smooth=0.282290 TrainMAE=0.027565 ValMAE=0.025457 TrainR2=0.9916 ValR2=0.9947 GateW=[0.14798617362976074, 0.01535269059240818, 0.4936722218990326, 0.34298884868621826]
2025-11-21 22:20:58,863 - INFO - [Epoch 20/200] TrainLoss=0.009599 ValLoss=0.009189 MSE=0.001243 NonNeg=0.000027 Smooth=0.278494 TrainMAE=0.026935 ValMAE=0.025322 TrainR2=0.9921 ValR2=0.9948 GateW=[0.15190227329730988, 0.014395026490092278, 0.49395236372947693, 0.3397502899169922]
2025-11-21 22:20:59,573 - INFO - [Epoch 21/200] TrainLoss=0.009563 ValLoss=0.009178 MSE=0.001156 NonNeg=0.000029 Smooth=0.280193 TrainMAE=0.026743 ValMAE=0.024549 TrainR2=0.9927 ValR2=0.9951 GateW=[0.1582358479499817, 0.013891738839447498, 0.4903043508529663, 0.3375682830810547]
2025-11-21 22:21:00,286 - INFO - [Epoch 22/200] TrainLoss=0.009604 ValLoss=0.009176 MSE=0.001231 NonNeg=0.000028 Smooth=0.279039 TrainMAE=0.026790 ValMAE=0.024915 TrainR2=0.9922 ValR2=0.9950 GateW=[0.16308678686618805, 0.013019697740674019, 0.48998305201530457, 0.3339105546474457]
2025-11-21 22:21:00,995 - INFO - [Epoch 23/200] TrainLoss=0.009679 ValLoss=0.009171 MSE=0.001228 NonNeg=0.000024 Smooth=0.281652 TrainMAE=0.026723 ValMAE=0.024949 TrainR2=0.9922 ValR2=0.9950 GateW=[0.16753257811069489, 0.012286264449357986, 0.48792198300361633, 0.33225926756858826]
2025-11-21 22:21:01,704 - INFO - [Epoch 24/200] TrainLoss=0.009583 ValLoss=0.009181 MSE=0.001194 NonNeg=0.000022 Smooth=0.279578 TrainMAE=0.026578 ValMAE=0.025639 TrainR2=0.9924 ValR2=0.9947 GateW=[0.16861680150032043, 0.012468390166759491, 0.48713845014572144, 0.33177638053894043]
2025-11-21 22:21:02,433 - INFO - [Epoch 25/200] TrainLoss=0.009525 ValLoss=0.009167 MSE=0.001199 NonNeg=0.000017 Smooth=0.277487 TrainMAE=0.026412 ValMAE=0.024478 TrainR2=0.9924 ValR2=0.9952 GateW=[0.17211748659610748, 0.012166295200586319, 0.48723435401916504, 0.3284817934036255]
2025-11-21 22:21:03,158 - INFO - [Epoch 26/200] TrainLoss=0.009551 ValLoss=0.009156 MSE=0.001178 NonNeg=0.000023 Smooth=0.279049 TrainMAE=0.026296 ValMAE=0.024520 TrainR2=0.9925 ValR2=0.9952 GateW=[0.1739436239004135, 0.011887461878359318, 0.4848770201206207, 0.3292917311191559]
2025-11-21 22:21:03,867 - INFO - [Epoch 27/200] TrainLoss=0.009436 ValLoss=0.009161 MSE=0.001172 NonNeg=0.000019 Smooth=0.275417 TrainMAE=0.026214 ValMAE=0.024682 TrainR2=0.9926 ValR2=0.9951 GateW=[0.1732993870973587, 0.011579415760934353, 0.48548829555511475, 0.32963278889656067]
2025-11-21 22:21:04,575 - INFO - [Epoch 28/200] TrainLoss=0.009701 ValLoss=0.009157 MSE=0.001211 NonNeg=0.000014 Smooth=0.282944 TrainMAE=0.026251 ValMAE=0.024114 TrainR2=0.9923 ValR2=0.9954 GateW=[0.1769055724143982, 0.011522362940013409, 0.48096898198127747, 0.3306031823158264]
2025-11-21 22:21:05,280 - INFO - [Epoch 29/200] TrainLoss=0.009550 ValLoss=0.009154 MSE=0.001140 NonNeg=0.000017 Smooth=0.280300 TrainMAE=0.026183 ValMAE=0.024841 TrainR2=0.9928 ValR2=0.9951 GateW=[0.17590807378292084, 0.011489788070321083, 0.48227542638778687, 0.33032655715942383]
2025-11-21 22:21:05,982 - INFO - [Epoch 30/200] TrainLoss=0.009602 ValLoss=0.009158 MSE=0.001127 NonNeg=0.000016 Smooth=0.282456 TrainMAE=0.026095 ValMAE=0.024810 TrainR2=0.9929 ValR2=0.9951 GateW=[0.17774535715579987, 0.011508920229971409, 0.4807717800140381, 0.32997408509254456]
2025-11-21 22:21:06,691 - INFO - [Epoch 31/200] TrainLoss=0.009479 ValLoss=0.009145 MSE=0.001136 NonNeg=0.000014 Smooth=0.278053 TrainMAE=0.026102 ValMAE=0.024471 TrainR2=0.9928 ValR2=0.9952 GateW=[0.17682136595249176, 0.011578780598938465, 0.4790889620780945, 0.33251065015792847]
2025-11-21 22:21:07,408 - INFO - [Epoch 32/200] TrainLoss=0.009661 ValLoss=0.009154 MSE=0.001145 NonNeg=0.000020 Smooth=0.283825 TrainMAE=0.026063 ValMAE=0.024756 TrainR2=0.9928 ValR2=0.9951 GateW=[0.1861896812915802, 0.01118145789951086, 0.47847047448158264, 0.32415837049484253]
2025-11-21 22:21:08,124 - INFO - [Epoch 33/200] TrainLoss=0.009644 ValLoss=0.009152 MSE=0.001186 NonNeg=0.000010 Smooth=0.281895 TrainMAE=0.026155 ValMAE=0.024568 TrainR2=0.9925 ValR2=0.9952 GateW=[0.18716828525066376, 0.011088645085692406, 0.4775550365447998, 0.3241881728172302]
2025-11-21 22:21:08,824 - INFO - [Epoch 34/200] TrainLoss=0.009548 ValLoss=0.009152 MSE=0.001159 NonNeg=0.000008 Smooth=0.279603 TrainMAE=0.026037 ValMAE=0.025268 TrainR2=0.9927 ValR2=0.9949 GateW=[0.18670541048049927, 0.010949838906526566, 0.4741310477256775, 0.3282138705253601]
2025-11-21 22:21:09,532 - INFO - [Epoch 35/200] TrainLoss=0.009571 ValLoss=0.009146 MSE=0.001148 NonNeg=0.000014 Smooth=0.280718 TrainMAE=0.025898 ValMAE=0.024666 TrainR2=0.9927 ValR2=0.9952 GateW=[0.18904797732830048, 0.010842802003026009, 0.4734031558036804, 0.3267059624195099]
2025-11-21 22:21:10,239 - INFO - [Epoch 36/200] TrainLoss=0.009588 ValLoss=0.009152 MSE=0.001159 NonNeg=0.000013 Smooth=0.280954 TrainMAE=0.026018 ValMAE=0.025480 TrainR2=0.9927 ValR2=0.9948 GateW=[0.18676654994487762, 0.011000661179423332, 0.47495216131210327, 0.32728061079978943]
2025-11-21 22:21:10,942 - INFO - [Epoch 37/200] TrainLoss=0.009582 ValLoss=0.009146 MSE=0.001153 NonNeg=0.000012 Smooth=0.280940 TrainMAE=0.025845 ValMAE=0.025512 TrainR2=0.9927 ValR2=0.9948 GateW=[0.18915392458438873, 0.010948510840535164, 0.4757625460624695, 0.32413530349731445]
2025-11-21 22:21:11,646 - INFO - [Epoch 38/200] TrainLoss=0.009571 ValLoss=0.009148 MSE=0.001148 NonNeg=0.000013 Smooth=0.280750 TrainMAE=0.025798 ValMAE=0.025407 TrainR2=0.9927 ValR2=0.9949 GateW=[0.19078268110752106, 0.010775621049106121, 0.47398605942726135, 0.32445576786994934]
2025-11-21 22:21:12,385 - INFO - [Epoch 39/200] TrainLoss=0.009531 ValLoss=0.009135 MSE=0.001138 NonNeg=0.000009 Smooth=0.279751 TrainMAE=0.025817 ValMAE=0.023712 TrainR2=0.9928 ValR2=0.9956 GateW=[0.1868385374546051, 0.011012745089828968, 0.47590696811676025, 0.32624179124832153]
2025-11-21 22:21:13,116 - INFO - [Epoch 40/200] TrainLoss=0.009658 ValLoss=0.009138 MSE=0.001181 NonNeg=0.000009 Smooth=0.282568 TrainMAE=0.026013 ValMAE=0.024865 TrainR2=0.9925 ValR2=0.9951 GateW=[0.18689598143100739, 0.011169836856424809, 0.4741414189338684, 0.3277928829193115]
2025-11-21 22:21:13,820 - INFO - [Epoch 41/200] TrainLoss=0.009578 ValLoss=0.009140 MSE=0.001116 NonNeg=0.000007 Smooth=0.282035 TrainMAE=0.025963 ValMAE=0.024640 TrainR2=0.9929 ValR2=0.9952 GateW=[0.1860601305961609, 0.010874833911657333, 0.4739164113998413, 0.32914865016937256]
2025-11-21 22:21:14,525 - INFO - [Epoch 42/200] TrainLoss=0.009637 ValLoss=0.009137 MSE=0.001142 NonNeg=0.000010 Smooth=0.283129 TrainMAE=0.025754 ValMAE=0.025125 TrainR2=0.9928 ValR2=0.9950 GateW=[0.1895471215248108, 0.01094209123402834, 0.47226855158805847, 0.327242374420166]
2025-11-21 22:21:15,229 - INFO - [Epoch 43/200] TrainLoss=0.009485 ValLoss=0.009135 MSE=0.001087 NonNeg=0.000010 Smooth=0.279884 TrainMAE=0.025633 ValMAE=0.025059 TrainR2=0.9931 ValR2=0.9950 GateW=[0.1875436007976532, 0.010936517268419266, 0.4703243374824524, 0.3311953842639923]
2025-11-21 22:21:15,933 - INFO - [Epoch 44/200] TrainLoss=0.009560 ValLoss=0.009139 MSE=0.001131 NonNeg=0.000009 Smooth=0.280967 TrainMAE=0.025589 ValMAE=0.025238 TrainR2=0.9928 ValR2=0.9950 GateW=[0.19538667798042297, 0.010551156476140022, 0.4688337743282318, 0.32522833347320557]
2025-11-21 22:21:16,640 - INFO - [Epoch 45/200] TrainLoss=0.009591 ValLoss=0.009148 MSE=0.001151 NonNeg=0.000010 Smooth=0.281317 TrainMAE=0.025870 ValMAE=0.025600 TrainR2=0.9927 ValR2=0.9948 GateW=[0.19655945897102356, 0.010631123557686806, 0.46634534001350403, 0.3264639973640442]
2025-11-21 22:21:17,348 - INFO - [Epoch 46/200] TrainLoss=0.009590 ValLoss=0.009135 MSE=0.001118 NonNeg=0.000006 Smooth=0.282408 TrainMAE=0.025898 ValMAE=0.024944 TrainR2=0.9929 ValR2=0.9951 GateW=[0.19607113301753998, 0.01065051183104515, 0.46401700377464294, 0.32926154136657715]
2025-11-21 22:21:18,071 - INFO - [Epoch 47/200] TrainLoss=0.009587 ValLoss=0.009145 MSE=0.001120 NonNeg=0.000005 Smooth=0.282209 TrainMAE=0.025864 ValMAE=0.024713 TrainR2=0.9929 ValR2=0.9952 GateW=[0.20233283936977386, 0.010758880525827408, 0.4601626694202423, 0.32674548029899597]
2025-11-21 22:21:18,775 - INFO - [Epoch 48/200] TrainLoss=0.009477 ValLoss=0.009136 MSE=0.001058 NonNeg=0.000007 Smooth=0.280613 TrainMAE=0.025380 ValMAE=0.024330 TrainR2=0.9933 ValR2=0.9953 GateW=[0.1942160278558731, 0.010730044916272163, 0.46777644753456116, 0.3272774815559387]
2025-11-21 22:21:19,479 - INFO - [Epoch 49/200] TrainLoss=0.009499 ValLoss=0.009145 MSE=0.001085 NonNeg=0.000002 Smooth=0.280473 TrainMAE=0.025551 ValMAE=0.025268 TrainR2=0.9931 ValR2=0.9949 GateW=[0.1959051638841629, 0.011335374787449837, 0.4659317433834076, 0.3268277645111084]
2025-11-21 22:21:20,183 - INFO - [Epoch 50/200] TrainLoss=0.009614 ValLoss=0.009136 MSE=0.001121 NonNeg=0.000006 Smooth=0.283078 TrainMAE=0.025684 ValMAE=0.025159 TrainR2=0.9929 ValR2=0.9950 GateW=[0.19183500111103058, 0.011448070406913757, 0.46589386463165283, 0.33082303404808044]
2025-11-21 22:21:20,886 - INFO - [Epoch 51/200] TrainLoss=0.009561 ValLoss=0.009144 MSE=0.001102 NonNeg=0.000005 Smooth=0.281945 TrainMAE=0.025629 ValMAE=0.025438 TrainR2=0.9930 ValR2=0.9949 GateW=[0.19485563039779663, 0.01128136646002531, 0.4639958143234253, 0.32986724376678467]
2025-11-21 22:21:21,592 - INFO - [Epoch 52/200] TrainLoss=0.009496 ValLoss=0.009137 MSE=0.001107 NonNeg=0.000008 Smooth=0.279633 TrainMAE=0.025307 ValMAE=0.024995 TrainR2=0.9930 ValR2=0.9951 GateW=[0.19366538524627686, 0.01141501497477293, 0.468280166387558, 0.3266395628452301]
2025-11-21 22:21:22,297 - INFO - [Epoch 53/200] TrainLoss=0.009606 ValLoss=0.009128 MSE=0.001122 NonNeg=0.000004 Smooth=0.282792 TrainMAE=0.025582 ValMAE=0.024678 TrainR2=0.9929 ValR2=0.9952 GateW=[0.19582851231098175, 0.011416243389248848, 0.462063193321228, 0.33069199323654175]
2025-11-21 22:21:23,007 - INFO - [Epoch 54/200] TrainLoss=0.009585 ValLoss=0.009133 MSE=0.001100 NonNeg=0.000007 Smooth=0.282813 TrainMAE=0.025553 ValMAE=0.025219 TrainR2=0.9930 ValR2=0.9950 GateW=[0.20097878575325012, 0.011735514737665653, 0.4603393077850342, 0.32694658637046814]
2025-11-21 22:21:23,718 - INFO - [Epoch 55/200] TrainLoss=0.009410 ValLoss=0.009126 MSE=0.001061 NonNeg=0.000006 Smooth=0.278284 TrainMAE=0.025250 ValMAE=0.024218 TrainR2=0.9933 ValR2=0.9954 GateW=[0.19697903096675873, 0.012001118622720242, 0.46392184495925903, 0.32709798216819763]
2025-11-21 22:21:24,443 - INFO - [Epoch 56/200] TrainLoss=0.009460 ValLoss=0.009135 MSE=0.001096 NonNeg=0.000005 Smooth=0.278794 TrainMAE=0.025349 ValMAE=0.025348 TrainR2=0.9931 ValR2=0.9949 GateW=[0.1949046403169632, 0.012039936147630215, 0.4644664227962494, 0.32858890295028687]
2025-11-21 22:21:25,148 - INFO - [Epoch 57/200] TrainLoss=0.009531 ValLoss=0.009130 MSE=0.001161 NonNeg=0.000009 Smooth=0.278975 TrainMAE=0.025597 ValMAE=0.024841 TrainR2=0.9926 ValR2=0.9952 GateW=[0.19680830836296082, 0.012324083596467972, 0.46565061807632446, 0.3252168297767639]
2025-11-21 22:21:25,855 - INFO - [Epoch 58/200] TrainLoss=0.009636 ValLoss=0.009127 MSE=0.001125 NonNeg=0.000006 Smooth=0.283688 TrainMAE=0.025530 ValMAE=0.025034 TrainR2=0.9929 ValR2=0.9951 GateW=[0.20146919786930084, 0.013145962730050087, 0.46412187814712524, 0.3212631940841675]
2025-11-21 22:21:26,559 - INFO - [Epoch 59/200] TrainLoss=0.009553 ValLoss=0.009124 MSE=0.001080 NonNeg=0.000006 Smooth=0.282401 TrainMAE=0.025475 ValMAE=0.024313 TrainR2=0.9932 ValR2=0.9954 GateW=[0.20428042113780975, 0.013730674982070923, 0.46017447113990784, 0.32181450724601746]
2025-11-21 22:21:27,267 - INFO - [Epoch 60/200] TrainLoss=0.009625 ValLoss=0.009128 MSE=0.001115 NonNeg=0.000003 Smooth=0.283676 TrainMAE=0.025544 ValMAE=0.023623 TrainR2=0.9929 ValR2=0.9957 GateW=[0.20345793664455414, 0.015338514931499958, 0.4604765474796295, 0.32072705030441284]
2025-11-21 22:21:27,974 - INFO - [Epoch 61/200] TrainLoss=0.009578 ValLoss=0.009147 MSE=0.001140 NonNeg=0.000004 Smooth=0.281253 TrainMAE=0.025460 ValMAE=0.026272 TrainR2=0.9928 ValR2=0.9945 GateW=[0.20029397308826447, 0.017082007601857185, 0.4645153284072876, 0.3181086480617523]
2025-11-21 22:21:28,714 - INFO - [Epoch 62/200] TrainLoss=0.009615 ValLoss=0.009128 MSE=0.001095 NonNeg=0.000005 Smooth=0.283993 TrainMAE=0.025330 ValMAE=0.024773 TrainR2=0.9931 ValR2=0.9952 GateW=[0.20781005918979645, 0.0213953647762537, 0.4615267217159271, 0.30926787853240967]
2025-11-21 22:21:29,433 - INFO - [Epoch 63/200] TrainLoss=0.009521 ValLoss=0.009129 MSE=0.001058 NonNeg=0.000003 Smooth=0.282118 TrainMAE=0.025226 ValMAE=0.024538 TrainR2=0.9933 ValR2=0.9953 GateW=[0.20731890201568604, 0.030847448855638504, 0.4620967507362366, 0.299736887216568]
2025-11-21 22:21:30,139 - INFO - [Epoch 64/200] TrainLoss=0.009648 ValLoss=0.009133 MSE=0.001067 NonNeg=0.000003 Smooth=0.286048 TrainMAE=0.025192 ValMAE=0.025119 TrainR2=0.9932 ValR2=0.9950 GateW=[0.20476475358009338, 0.043042201548814774, 0.46170052886009216, 0.2904925048351288]
2025-11-21 22:21:30,839 - INFO - [Epoch 65/200] TrainLoss=0.009476 ValLoss=0.009121 MSE=0.001095 NonNeg=0.000004 Smooth=0.279382 TrainMAE=0.025412 ValMAE=0.023946 TrainR2=0.9931 ValR2=0.9955 GateW=[0.2069217711687088, 0.05556987226009369, 0.45604076981544495, 0.28146758675575256]
2025-11-21 22:21:31,547 - INFO - [Epoch 66/200] TrainLoss=0.009509 ValLoss=0.009135 MSE=0.001060 NonNeg=0.000004 Smooth=0.281649 TrainMAE=0.025259 ValMAE=0.025366 TrainR2=0.9933 ValR2=0.9949 GateW=[0.21100616455078125, 0.07100876420736313, 0.44674405455589294, 0.27124112844467163]
2025-11-21 22:21:32,253 - INFO - [Epoch 67/200] TrainLoss=0.009546 ValLoss=0.009132 MSE=0.001097 NonNeg=0.000002 Smooth=0.281629 TrainMAE=0.025261 ValMAE=0.024124 TrainR2=0.9931 ValR2=0.9954 GateW=[0.2130209356546402, 0.09991208463907242, 0.4291993975639343, 0.25786739587783813]
2025-11-21 22:21:32,956 - INFO - [Epoch 68/200] TrainLoss=0.009479 ValLoss=0.009121 MSE=0.001075 NonNeg=0.000001 Smooth=0.280116 TrainMAE=0.025373 ValMAE=0.024340 TrainR2=0.9932 ValR2=0.9953 GateW=[0.2080358862876892, 0.12443296611309052, 0.4157378673553467, 0.25179341435432434]
2025-11-21 22:21:33,666 - INFO - [Epoch 69/200] TrainLoss=0.009537 ValLoss=0.009125 MSE=0.001057 NonNeg=0.000000 Smooth=0.282646 TrainMAE=0.025432 ValMAE=0.024347 TrainR2=0.9933 ValR2=0.9953 GateW=[0.20715375244617462, 0.14053332805633545, 0.40417084097862244, 0.24814185500144958]
2025-11-21 22:21:34,391 - INFO - [Epoch 70/200] TrainLoss=0.009496 ValLoss=0.009130 MSE=0.001125 NonNeg=0.000000 Smooth=0.279057 TrainMAE=0.025367 ValMAE=0.024183 TrainR2=0.9929 ValR2=0.9954 GateW=[0.21426880359649658, 0.15445595979690552, 0.40018758177757263, 0.23108749091625214]
2025-11-21 22:21:35,097 - INFO - [Epoch 71/200] TrainLoss=0.009568 ValLoss=0.009123 MSE=0.001095 NonNeg=0.000000 Smooth=0.282436 TrainMAE=0.025384 ValMAE=0.024860 TrainR2=0.9931 ValR2=0.9951 GateW=[0.2104145884513855, 0.15877816081047058, 0.39528289437294006, 0.2355242818593979]
2025-11-21 22:21:35,964 - INFO - [Epoch 72/200] TrainLoss=0.009407 ValLoss=0.009125 MSE=0.001041 NonNeg=0.000000 Smooth=0.278874 TrainMAE=0.025208 ValMAE=0.024547 TrainR2=0.9934 ValR2=0.9952 GateW=[0.21388547122478485, 0.1612876057624817, 0.39064738154411316, 0.23417939245700836]
2025-11-21 22:21:36,666 - INFO - [Epoch 73/200] TrainLoss=0.009579 ValLoss=0.009113 MSE=0.001102 NonNeg=0.000000 Smooth=0.282558 TrainMAE=0.025414 ValMAE=0.023537 TrainR2=0.9930 ValR2=0.9956 GateW=[0.2150196135044098, 0.17130927741527557, 0.38718146085739136, 0.22648970782756805]
2025-11-21 22:21:37,380 - INFO - [Epoch 74/200] TrainLoss=0.009423 ValLoss=0.009126 MSE=0.001065 NonNeg=0.000000 Smooth=0.278612 TrainMAE=0.025162 ValMAE=0.024893 TrainR2=0.9933 ValR2=0.9951 GateW=[0.21682819724082947, 0.168975368142128, 0.3825586140155792, 0.23163777589797974]
2025-11-21 22:21:38,086 - INFO - [Epoch 75/200] TrainLoss=0.009500 ValLoss=0.009117 MSE=0.001012 NonNeg=0.000000 Smooth=0.282909 TrainMAE=0.024872 ValMAE=0.024514 TrainR2=0.9936 ValR2=0.9953 GateW=[0.21464595198631287, 0.17404839396476746, 0.38104870915412903, 0.23025687038898468]
2025-11-21 22:21:38,802 - INFO - [Epoch 76/200] TrainLoss=0.009424 ValLoss=0.009123 MSE=0.001026 NonNeg=0.000000 Smooth=0.279933 TrainMAE=0.024936 ValMAE=0.024614 TrainR2=0.9935 ValR2=0.9952 GateW=[0.21336758136749268, 0.17759969830513, 0.3816570043563843, 0.22737570106983185]
2025-11-21 22:21:39,524 - INFO - [Epoch 77/200] TrainLoss=0.009550 ValLoss=0.009124 MSE=0.001081 NonNeg=0.000000 Smooth=0.282295 TrainMAE=0.025080 ValMAE=0.024303 TrainR2=0.9932 ValR2=0.9954 GateW=[0.2155015766620636, 0.17578278481960297, 0.3805074691772461, 0.22820831835269928]
2025-11-21 22:21:40,229 - INFO - [Epoch 78/200] TrainLoss=0.009474 ValLoss=0.009121 MSE=0.001029 NonNeg=0.000001 Smooth=0.281509 TrainMAE=0.025011 ValMAE=0.024385 TrainR2=0.9935 ValR2=0.9953 GateW=[0.21569021046161652, 0.17721615731716156, 0.3795914649963379, 0.22750215232372284]
2025-11-21 22:21:40,935 - INFO - [Epoch 79/200] TrainLoss=0.009561 ValLoss=0.009123 MSE=0.001057 NonNeg=0.000000 Smooth=0.283448 TrainMAE=0.025203 ValMAE=0.025180 TrainR2=0.9933 ValR2=0.9950 GateW=[0.2099628448486328, 0.17982010543346405, 0.37842264771461487, 0.2317943572998047]
2025-11-21 22:21:41,639 - INFO - [Epoch 80/200] TrainLoss=0.009428 ValLoss=0.009109 MSE=0.001051 NonNeg=0.000000 Smooth=0.279246 TrainMAE=0.025125 ValMAE=0.023459 TrainR2=0.9933 ValR2=0.9957 GateW=[0.21155287325382233, 0.17840293049812317, 0.3755172789096832, 0.23452700674533844]
2025-11-21 22:21:42,348 - INFO - [Epoch 81/200] TrainLoss=0.009530 ValLoss=0.009124 MSE=0.001082 NonNeg=0.000000 Smooth=0.281615 TrainMAE=0.025226 ValMAE=0.024939 TrainR2=0.9932 ValR2=0.9951 GateW=[0.21338683366775513, 0.19071675837039948, 0.36808741092681885, 0.22780905663967133]
2025-11-21 22:21:43,050 - INFO - [Epoch 82/200] TrainLoss=0.009363 ValLoss=0.009116 MSE=0.000996 NonNeg=0.000000 Smooth=0.278897 TrainMAE=0.024841 ValMAE=0.024008 TrainR2=0.9937 ValR2=0.9955 GateW=[0.21780931949615479, 0.18985068798065186, 0.3671424984931946, 0.22519731521606445]
2025-11-21 22:21:43,796 - INFO - [Epoch 83/200] TrainLoss=0.009545 ValLoss=0.009117 MSE=0.001046 NonNeg=0.000000 Smooth=0.283291 TrainMAE=0.024966 ValMAE=0.024379 TrainR2=0.9934 ValR2=0.9953 GateW=[0.21192027628421783, 0.1829582303762436, 0.3751566708087921, 0.22996486723423004]
2025-11-21 22:21:44,514 - INFO - [Epoch 84/200] TrainLoss=0.009487 ValLoss=0.009113 MSE=0.001049 NonNeg=0.000000 Smooth=0.281282 TrainMAE=0.025045 ValMAE=0.023630 TrainR2=0.9934 ValR2=0.9956 GateW=[0.21069778501987457, 0.17642705142498016, 0.3708193898200989, 0.24205589294433594]
2025-11-21 22:21:45,222 - INFO - [Epoch 85/200] TrainLoss=0.009528 ValLoss=0.009114 MSE=0.001068 NonNeg=0.000001 Smooth=0.281993 TrainMAE=0.025014 ValMAE=0.024793 TrainR2=0.9932 ValR2=0.9952 GateW=[0.20764049887657166, 0.18481265008449554, 0.3725374937057495, 0.23500916361808777]
2025-11-21 22:21:45,926 - INFO - [Epoch 86/200] TrainLoss=0.009409 ValLoss=0.009109 MSE=0.001024 NonNeg=0.000000 Smooth=0.279507 TrainMAE=0.024802 ValMAE=0.024010 TrainR2=0.9935 ValR2=0.9955 GateW=[0.21365267038345337, 0.19068412482738495, 0.366676926612854, 0.22898633778095245]
2025-11-21 22:21:46,631 - INFO - [Epoch 87/200] TrainLoss=0.009567 ValLoss=0.009117 MSE=0.001032 NonNeg=0.000000 Smooth=0.284521 TrainMAE=0.024933 ValMAE=0.024443 TrainR2=0.9935 ValR2=0.9953 GateW=[0.21375375986099243, 0.19071942567825317, 0.3643636703491211, 0.23116318881511688]
2025-11-21 22:21:47,342 - INFO - [Epoch 88/200] TrainLoss=0.009462 ValLoss=0.009120 MSE=0.001083 NonNeg=0.000001 Smooth=0.279327 TrainMAE=0.025158 ValMAE=0.023970 TrainR2=0.9932 ValR2=0.9955 GateW=[0.21959349513053894, 0.19036200642585754, 0.36621734499931335, 0.22382739186286926]
2025-11-21 22:21:48,051 - INFO - [Epoch 89/200] TrainLoss=0.009538 ValLoss=0.009110 MSE=0.001039 NonNeg=0.000000 Smooth=0.283287 TrainMAE=0.024859 ValMAE=0.024146 TrainR2=0.9934 ValR2=0.9954 GateW=[0.2168418914079666, 0.19202737510204315, 0.36202841997146606, 0.2291025072336197]
2025-11-21 22:21:48,755 - INFO - [Epoch 90/200] TrainLoss=0.009468 ValLoss=0.009118 MSE=0.001007 NonNeg=0.000000 Smooth=0.282021 TrainMAE=0.024748 ValMAE=0.024560 TrainR2=0.9936 ValR2=0.9953 GateW=[0.21703852713108063, 0.19117425382137299, 0.36259520053863525, 0.22919206321239471]
2025-11-21 22:21:49,460 - INFO - [Epoch 91/200] TrainLoss=0.009364 ValLoss=0.009125 MSE=0.000978 NonNeg=0.000000 Smooth=0.279521 TrainMAE=0.024731 ValMAE=0.025321 TrainR2=0.9938 ValR2=0.9950 GateW=[0.21290189027786255, 0.190371572971344, 0.36724159121513367, 0.22948487102985382]
2025-11-21 22:21:50,165 - INFO - [Epoch 92/200] TrainLoss=0.009544 ValLoss=0.009117 MSE=0.001079 NonNeg=0.000000 Smooth=0.282156 TrainMAE=0.025064 ValMAE=0.024622 TrainR2=0.9932 ValR2=0.9952 GateW=[0.2105163186788559, 0.19263595342636108, 0.3657000958919525, 0.23114773631095886]
2025-11-21 22:21:50,877 - INFO - [Epoch 93/200] TrainLoss=0.009596 ValLoss=0.009117 MSE=0.001069 NonNeg=0.000000 Smooth=0.284225 TrainMAE=0.025087 ValMAE=0.024606 TrainR2=0.9932 ValR2=0.9952 GateW=[0.21554553508758545, 0.19260969758033752, 0.3565407395362854, 0.23530414700508118]
2025-11-21 22:21:51,581 - INFO - [Epoch 94/200] TrainLoss=0.009400 ValLoss=0.009119 MSE=0.001026 NonNeg=0.000001 Smooth=0.279134 TrainMAE=0.024776 ValMAE=0.025397 TrainR2=0.9935 ValR2=0.9950 GateW=[0.21514780819416046, 0.19527392089366913, 0.35900139808654785, 0.230576753616333]
2025-11-21 22:21:52,283 - INFO - [Epoch 95/200] TrainLoss=0.009296 ValLoss=0.009114 MSE=0.000983 NonNeg=0.000000 Smooth=0.277121 TrainMAE=0.024748 ValMAE=0.024336 TrainR2=0.9938 ValR2=0.9954 GateW=[0.21874330937862396, 0.19342714548110962, 0.3539145290851593, 0.23391512036323547]
2025-11-21 22:21:52,986 - INFO - [Epoch 96/200] TrainLoss=0.009529 ValLoss=0.009125 MSE=0.001068 NonNeg=0.000000 Smooth=0.282044 TrainMAE=0.024696 ValMAE=0.024077 TrainR2=0.9932 ValR2=0.9955 GateW=[0.22027423977851868, 0.19882817566394806, 0.3555840849876404, 0.22531339526176453]
2025-11-21 22:21:53,689 - INFO - [Epoch 97/200] TrainLoss=0.009520 ValLoss=0.009109 MSE=0.001018 NonNeg=0.000000 Smooth=0.283403 TrainMAE=0.024900 ValMAE=0.023785 TrainR2=0.9936 ValR2=0.9956 GateW=[0.21663270890712738, 0.2040175050497055, 0.3539530038833618, 0.2253967672586441]
2025-11-21 22:21:54,394 - INFO - [Epoch 98/200] TrainLoss=0.009439 ValLoss=0.009105 MSE=0.001028 NonNeg=0.000001 Smooth=0.280376 TrainMAE=0.024873 ValMAE=0.024273 TrainR2=0.9935 ValR2=0.9954 GateW=[0.2099175602197647, 0.20329684019088745, 0.35535934567451477, 0.23142631351947784]
2025-11-21 22:21:55,103 - INFO - [Epoch 99/200] TrainLoss=0.009513 ValLoss=0.009103 MSE=0.001017 NonNeg=0.000000 Smooth=0.283191 TrainMAE=0.024714 ValMAE=0.023591 TrainR2=0.9936 ValR2=0.9956 GateW=[0.22476503252983093, 0.20064455270767212, 0.3454294204711914, 0.22916100919246674]
2025-11-21 22:21:55,810 - INFO - [Epoch 100/200] TrainLoss=0.009507 ValLoss=0.009111 MSE=0.001030 NonNeg=0.000000 Smooth=0.282582 TrainMAE=0.024665 ValMAE=0.024113 TrainR2=0.9935 ValR2=0.9955 GateW=[0.21936704218387604, 0.2034536451101303, 0.3524918854236603, 0.224687397480011]
2025-11-21 22:21:56,524 - INFO - [Epoch 101/200] TrainLoss=0.009526 ValLoss=0.009115 MSE=0.001048 NonNeg=0.000000 Smooth=0.282591 TrainMAE=0.024736 ValMAE=0.024343 TrainR2=0.9934 ValR2=0.9954 GateW=[0.21654227375984192, 0.20787176489830017, 0.3499922752380371, 0.22559359669685364]
2025-11-21 22:21:57,239 - INFO - [Epoch 102/200] TrainLoss=0.009505 ValLoss=0.009126 MSE=0.001022 NonNeg=0.000000 Smooth=0.282763 TrainMAE=0.024777 ValMAE=0.024443 TrainR2=0.9935 ValR2=0.9953 GateW=[0.21827004849910736, 0.2026098072528839, 0.34829217195510864, 0.23082804679870605]
2025-11-21 22:21:57,937 - INFO - [Epoch 103/200] TrainLoss=0.009422 ValLoss=0.009103 MSE=0.001033 NonNeg=0.000000 Smooth=0.279634 TrainMAE=0.024749 ValMAE=0.023500 TrainR2=0.9935 ValR2=0.9957 GateW=[0.2152826189994812, 0.20509272813796997, 0.34954869747161865, 0.2300759106874466]
2025-11-21 22:21:58,645 - INFO - [Epoch 104/200] TrainLoss=0.009396 ValLoss=0.009120 MSE=0.000964 NonNeg=0.000000 Smooth=0.281068 TrainMAE=0.024446 ValMAE=0.024126 TrainR2=0.9939 ValR2=0.9954 GateW=[0.2191532850265503, 0.21455413103103638, 0.3463645279407501, 0.2199280858039856]
2025-11-21 22:21:59,351 - INFO - [Epoch 105/200] TrainLoss=0.009485 ValLoss=0.009102 MSE=0.001058 NonNeg=0.000001 Smooth=0.280879 TrainMAE=0.024749 ValMAE=0.023647 TrainR2=0.9933 ValR2=0.9956 GateW=[0.22063815593719482, 0.211053267121315, 0.34371933341026306, 0.22458936274051666]
2025-11-21 22:22:00,061 - INFO - [Epoch 106/200] TrainLoss=0.009579 ValLoss=0.009110 MSE=0.001051 NonNeg=0.000000 Smooth=0.284291 TrainMAE=0.024581 ValMAE=0.023999 TrainR2=0.9934 ValR2=0.9955 GateW=[0.2191818207502365, 0.21132846176624298, 0.34367746114730835, 0.22581221163272858]
2025-11-21 22:22:00,765 - INFO - [Epoch 107/200] TrainLoss=0.009434 ValLoss=0.009113 MSE=0.001010 NonNeg=0.000001 Smooth=0.280785 TrainMAE=0.024715 ValMAE=0.024280 TrainR2=0.9936 ValR2=0.9954 GateW=[0.22112101316452026, 0.2138008326292038, 0.3445169925689697, 0.220561221241951]
2025-11-21 22:22:01,476 - INFO - [Epoch 108/200] TrainLoss=0.009404 ValLoss=0.009119 MSE=0.001025 NonNeg=0.000000 Smooth=0.279307 TrainMAE=0.024632 ValMAE=0.024081 TrainR2=0.9935 ValR2=0.9955 GateW=[0.2233075350522995, 0.21165341138839722, 0.34106194972991943, 0.22397705912590027]
2025-11-21 22:22:02,234 - INFO - [Epoch 109/200] TrainLoss=0.009325 ValLoss=0.009098 MSE=0.000954 NonNeg=0.000000 Smooth=0.279048 TrainMAE=0.024451 ValMAE=0.023486 TrainR2=0.9940 ValR2=0.9957 GateW=[0.21630318462848663, 0.21070843935012817, 0.34904274344444275, 0.22394558787345886]
2025-11-21 22:22:02,955 - INFO - [Epoch 110/200] TrainLoss=0.009451 ValLoss=0.009110 MSE=0.000966 NonNeg=0.000000 Smooth=0.282820 TrainMAE=0.024567 ValMAE=0.024813 TrainR2=0.9939 ValR2=0.9952 GateW=[0.21606595814228058, 0.21175287663936615, 0.343700647354126, 0.22848063707351685]
2025-11-21 22:22:03,661 - INFO - [Epoch 111/200] TrainLoss=0.009544 ValLoss=0.009109 MSE=0.001051 NonNeg=0.000000 Smooth=0.283103 TrainMAE=0.024716 ValMAE=0.023282 TrainR2=0.9933 ValR2=0.9958 GateW=[0.2251601219177246, 0.20948795974254608, 0.3383353054523468, 0.227016419172287]
2025-11-21 22:22:04,367 - INFO - [Epoch 112/200] TrainLoss=0.009640 ValLoss=0.009112 MSE=0.001087 NonNeg=0.000000 Smooth=0.285105 TrainMAE=0.024936 ValMAE=0.024701 TrainR2=0.9931 ValR2=0.9952 GateW=[0.22088313102722168, 0.20901618897914886, 0.341767281293869, 0.2283335030078888]
2025-11-21 22:22:05,070 - INFO - [Epoch 113/200] TrainLoss=0.009547 ValLoss=0.009110 MSE=0.001056 NonNeg=0.000000 Smooth=0.283032 TrainMAE=0.024610 ValMAE=0.024374 TrainR2=0.9933 ValR2=0.9954 GateW=[0.22200389206409454, 0.2141549289226532, 0.34116074442863464, 0.2226804792881012]
2025-11-21 22:22:05,774 - INFO - [Epoch 114/200] TrainLoss=0.009534 ValLoss=0.009112 MSE=0.001023 NonNeg=0.000001 Smooth=0.283711 TrainMAE=0.024754 ValMAE=0.025039 TrainR2=0.9935 ValR2=0.9952 GateW=[0.21774576604366302, 0.21400052309036255, 0.3386501371860504, 0.22960352897644043]
2025-11-21 22:22:06,529 - INFO - [Epoch 115/200] TrainLoss=0.009361 ValLoss=0.009110 MSE=0.000970 NonNeg=0.000000 Smooth=0.279692 TrainMAE=0.024507 ValMAE=0.024484 TrainR2=0.9939 ValR2=0.9953 GateW=[0.22358690202236176, 0.21100382506847382, 0.3388307988643646, 0.22657859325408936]
2025-11-21 22:22:07,253 - INFO - [Epoch 116/200] TrainLoss=0.009413 ValLoss=0.009103 MSE=0.001016 NonNeg=0.000000 Smooth=0.279903 TrainMAE=0.024591 ValMAE=0.024333 TrainR2=0.9936 ValR2=0.9954 GateW=[0.21900324523448944, 0.2111120969057083, 0.33985909819602966, 0.23002544045448303]
2025-11-21 22:22:07,957 - INFO - [Epoch 117/200] TrainLoss=0.009539 ValLoss=0.009110 MSE=0.001085 NonNeg=0.000000 Smooth=0.281788 TrainMAE=0.024633 ValMAE=0.024595 TrainR2=0.9931 ValR2=0.9953 GateW=[0.21774756908416748, 0.21520766615867615, 0.3383106291294098, 0.22873395681381226]
2025-11-21 22:22:08,660 - INFO - [Epoch 118/200] TrainLoss=0.009484 ValLoss=0.009095 MSE=0.001024 NonNeg=0.000000 Smooth=0.282013 TrainMAE=0.024718 ValMAE=0.023811 TrainR2=0.9935 ValR2=0.9956 GateW=[0.2164875864982605, 0.21533437073230743, 0.34026214480400085, 0.22791601717472076]
2025-11-21 22:22:09,369 - INFO - [Epoch 119/200] TrainLoss=0.009530 ValLoss=0.009103 MSE=0.001015 NonNeg=0.000000 Smooth=0.283814 TrainMAE=0.024631 ValMAE=0.023314 TrainR2=0.9936 ValR2=0.9958 GateW=[0.2220081388950348, 0.21234437823295593, 0.33796313405036926, 0.22768442332744598]
2025-11-21 22:22:10,072 - INFO - [Epoch 120/200] TrainLoss=0.009518 ValLoss=0.009111 MSE=0.001058 NonNeg=0.000000 Smooth=0.282025 TrainMAE=0.024691 ValMAE=0.025017 TrainR2=0.9933 ValR2=0.9952 GateW=[0.21916531026363373, 0.21757197380065918, 0.33812665939331055, 0.2251361906528473]
2025-11-21 22:22:10,774 - INFO - [Epoch 121/200] TrainLoss=0.009383 ValLoss=0.009112 MSE=0.000991 NonNeg=0.000000 Smooth=0.279729 TrainMAE=0.024501 ValMAE=0.024473 TrainR2=0.9937 ValR2=0.9953 GateW=[0.22605173289775848, 0.22088876366615295, 0.3304586112499237, 0.2226007729768753]
2025-11-21 22:22:11,544 - INFO - [Epoch 122/200] TrainLoss=0.009470 ValLoss=0.009105 MSE=0.001006 NonNeg=0.000000 Smooth=0.282116 TrainMAE=0.024415 ValMAE=0.023969 TrainR2=0.9936 ValR2=0.9955 GateW=[0.22390441596508026, 0.22429484128952026, 0.3337938189506531, 0.2180069237947464]
2025-11-21 22:22:12,270 - INFO - [Epoch 123/200] TrainLoss=0.009483 ValLoss=0.009111 MSE=0.001010 NonNeg=0.000000 Smooth=0.282434 TrainMAE=0.024551 ValMAE=0.024629 TrainR2=0.9936 ValR2=0.9953 GateW=[0.2191658318042755, 0.21533744037151337, 0.33568164706230164, 0.22981509566307068]
2025-11-21 22:22:12,978 - INFO - [Epoch 124/200] TrainLoss=0.009453 ValLoss=0.009103 MSE=0.001039 NonNeg=0.000000 Smooth=0.280449 TrainMAE=0.024575 ValMAE=0.024152 TrainR2=0.9934 ValR2=0.9955 GateW=[0.2214716523885727, 0.2185077667236328, 0.332914799451828, 0.2271057814359665]
2025-11-21 22:22:13,684 - INFO - [Epoch 125/200] TrainLoss=0.009506 ValLoss=0.009119 MSE=0.001036 NonNeg=0.000000 Smooth=0.282331 TrainMAE=0.024698 ValMAE=0.024717 TrainR2=0.9934 ValR2=0.9952 GateW=[0.2180769294500351, 0.22368742525577545, 0.33509889245033264, 0.22313673794269562]
2025-11-21 22:22:14,387 - INFO - [Epoch 126/200] TrainLoss=0.009435 ValLoss=0.009112 MSE=0.000995 NonNeg=0.000000 Smooth=0.281330 TrainMAE=0.024676 ValMAE=0.024254 TrainR2=0.9937 ValR2=0.9954 GateW=[0.2284371256828308, 0.22406180202960968, 0.32597461342811584, 0.22152630984783173]
2025-11-21 22:22:15,091 - INFO - [Epoch 127/200] TrainLoss=0.009675 ValLoss=0.009108 MSE=0.001058 NonNeg=0.000001 Smooth=0.287231 TrainMAE=0.024653 ValMAE=0.024876 TrainR2=0.9933 ValR2=0.9952 GateW=[0.21348118782043457, 0.21927207708358765, 0.33894896507263184, 0.22829782962799072]
2025-11-21 22:22:15,793 - INFO - [Epoch 128/200] TrainLoss=0.009481 ValLoss=0.009106 MSE=0.001053 NonNeg=0.000000 Smooth=0.280919 TrainMAE=0.024776 ValMAE=0.024730 TrainR2=0.9933 ValR2=0.9953 GateW=[0.22660252451896667, 0.21918748319149017, 0.32692667841911316, 0.22728340327739716]
2025-11-21 22:22:16,497 - INFO - [Epoch 129/200] TrainLoss=0.009487 ValLoss=0.009108 MSE=0.000971 NonNeg=0.000000 Smooth=0.283889 TrainMAE=0.024411 ValMAE=0.024696 TrainR2=0.9939 ValR2=0.9953 GateW=[0.22534886002540588, 0.22038540244102478, 0.33271825313568115, 0.22154736518859863]
2025-11-21 22:22:17,199 - INFO - [Epoch 130/200] TrainLoss=0.009524 ValLoss=0.009109 MSE=0.000985 NonNeg=0.000000 Smooth=0.284616 TrainMAE=0.024440 ValMAE=0.024948 TrainR2=0.9938 ValR2=0.9952 GateW=[0.22123371064662933, 0.22011232376098633, 0.33680012822151184, 0.22185388207435608]
2025-11-21 22:22:17,906 - INFO - [Epoch 131/200] TrainLoss=0.009460 ValLoss=0.009107 MSE=0.001003 NonNeg=0.000000 Smooth=0.281910 TrainMAE=0.024576 ValMAE=0.024869 TrainR2=0.9936 ValR2=0.9952 GateW=[0.21924647688865662, 0.22173699736595154, 0.33505797386169434, 0.2239585667848587]
2025-11-21 22:22:18,609 - INFO - [Epoch 132/200] TrainLoss=0.009417 ValLoss=0.009096 MSE=0.001041 NonNeg=0.000000 Smooth=0.279215 TrainMAE=0.024760 ValMAE=0.024401 TrainR2=0.9934 ValR2=0.9954 GateW=[0.22401899099349976, 0.2260924130678177, 0.3269869387149811, 0.22290153801441193]
2025-11-21 22:22:19,312 - INFO - [Epoch 133/200] TrainLoss=0.009341 ValLoss=0.009106 MSE=0.000966 NonNeg=0.000000 Smooth=0.279173 TrainMAE=0.024278 ValMAE=0.024330 TrainR2=0.9939 ValR2=0.9954 GateW=[0.22553732991218567, 0.2226482629776001, 0.3307499289512634, 0.22106458246707916]
2025-11-21 22:22:20,014 - INFO - [Epoch 134/200] TrainLoss=0.009379 ValLoss=0.009101 MSE=0.000996 NonNeg=0.000000 Smooth=0.279448 TrainMAE=0.024394 ValMAE=0.024694 TrainR2=0.9937 ValR2=0.9953 GateW=[0.21925713121891022, 0.22401419281959534, 0.3325519859790802, 0.2241767942905426]
2025-11-21 22:22:20,717 - INFO - [Epoch 135/200] TrainLoss=0.009429 ValLoss=0.009105 MSE=0.000995 NonNeg=0.000000 Smooth=0.281147 TrainMAE=0.024555 ValMAE=0.024946 TrainR2=0.9937 ValR2=0.9952 GateW=[0.22119221091270447, 0.22423508763313293, 0.327470988035202, 0.22710156440734863]
2025-11-21 22:22:21,422 - INFO - [Epoch 136/200] TrainLoss=0.009342 ValLoss=0.009109 MSE=0.000975 NonNeg=0.000000 Smooth=0.278911 TrainMAE=0.024226 ValMAE=0.024504 TrainR2=0.9938 ValR2=0.9953 GateW=[0.23208175599575043, 0.22790823876857758, 0.32086408138275146, 0.21914589405059814]
2025-11-21 22:22:22,125 - INFO - [Epoch 137/200] TrainLoss=0.009402 ValLoss=0.009095 MSE=0.001078 NonNeg=0.000000 Smooth=0.277494 TrainMAE=0.024583 ValMAE=0.024092 TrainR2=0.9932 ValR2=0.9955 GateW=[0.22682127356529236, 0.23035262525081635, 0.32316747307777405, 0.2196587473154068]
2025-11-21 22:22:22,827 - INFO - [Epoch 138/200] TrainLoss=0.009361 ValLoss=0.009102 MSE=0.000979 NonNeg=0.000000 Smooth=0.279412 TrainMAE=0.024249 ValMAE=0.023810 TrainR2=0.9938 ValR2=0.9956 GateW=[0.224117711186409, 0.22779078781604767, 0.32637155055999756, 0.22171996533870697]
2025-11-21 22:22:22,827 - INFO - Early stopping triggered at epoch 138. Best val loss=0.009095
2025-11-21 22:22:23,111 - INFO - Training complete. Artifacts written to results/2025-11-21_22-18-49
